{"/home/duda/Projetos/projeto19-drivenpass/src/app.ts": {"path":"/home/duda/Projetos/projeto19-drivenpass/src/app.ts","statementMap":{"0":{"start":{"line":2,"column":0},"end":{"line":2,"column":65}},"1":{"start":{"line":4,"column":0},"end":{"line":4,"column":10}},"2":{"start":{"line":6,"column":0},"end":{"line":6,"column":24}},"3":{"start":{"line":7,"column":0},"end":{"line":7,"column":28}},"4":{"start":{"line":8,"column":0},"end":{"line":8,"column":49}},"5":{"start":{"line":9,"column":0},"end":{"line":9,"column":30}},"6":{"start":{"line":10,"column":0},"end":{"line":10,"column":54}},"7":{"start":{"line":11,"column":0},"end":{"line":11,"column":36}},"8":{"start":{"line":13,"column":0},"end":{"line":13,"column":16}},"9":{"start":{"line":15,"column":12},"end":{"line":15,"column":21}},"10":{"start":{"line":16,"column":0},"end":{"line":16,"column":16}},"11":{"start":{"line":17,"column":0},"end":{"line":17,"column":16}},"12":{"start":{"line":18,"column":0},"end":{"line":18,"column":16}},"13":{"start":{"line":19,"column":0},"end":{"line":19,"column":22}},"14":{"start":{"line":24,"column":2},"end":{"line":24,"column":14}},"15":{"start":{"line":25,"column":2},"end":{"line":25,"column":30}},"16":{"start":{"line":23,"column":0},"end":{"line":23,"column":16}},"17":{"start":{"line":29,"column":2},"end":{"line":29,"column":23}},"18":{"start":{"line":28,"column":0},"end":{"line":28,"column":7}},"19":{"start":{"line":32,"column":0},"end":{"line":32,"column":19}}},"fnMap":{"0":{"name":"init","decl":{"start":{"line":23,"column":16},"end":{"line":23,"column":20}},"loc":{"start":{"line":23,"column":20},"end":{"line":26,"column":1}}},"1":{"name":"close","decl":{"start":{"line":28,"column":22},"end":{"line":28,"column":27}},"loc":{"start":{"line":28,"column":27},"end":{"line":30,"column":1}}}},"branchMap":{},"s":{"0":3,"1":3,"2":3,"3":3,"4":3,"5":3,"6":3,"7":3,"8":3,"9":3,"10":3,"11":3,"12":3,"13":3,"14":3,"15":3,"16":3,"17":0,"18":3,"19":3},"f":{"0":3,"1":0},"b":{}}
,"/home/duda/Projetos/projeto19-drivenpass/src/server.ts": {"path":"/home/duda/Projetos/projeto19-drivenpass/src/server.ts","statementMap":{"0":{"start":{"line":1,"column":0},"end":{"line":1,"column":34}},"1":{"start":{"line":3,"column":13},"end":{"line":3,"column":38}},"2":{"start":{"line":5,"column":0},"end":{"line":10,"column":3}},"3":{"start":{"line":6,"column":2},"end":{"line":9,"column":5}},"4":{"start":{"line":8,"column":4},"end":{"line":8,"column":56}}},"fnMap":{"0":{"name":"(anonymous_6)","decl":{"start":{"line":5,"column":12},"end":{"line":5,"column":15}},"loc":{"start":{"line":5,"column":17},"end":{"line":10,"column":1}}},"1":{"name":"(anonymous_7)","decl":{"start":{"line":6,"column":19},"end":{"line":6,"column":22}},"loc":{"start":{"line":6,"column":24},"end":{"line":9,"column":3}}}},"branchMap":{"0":{"loc":{"start":{"line":3,"column":13},"end":{"line":3,"column":38}},"type":"binary-expr","locations":[{"start":{"line":3,"column":13},"end":{"line":3,"column":30}},{"start":{"line":3,"column":34},"end":{"line":3,"column":38}}]}},"s":{"0":0,"1":0,"2":0,"3":0,"4":0},"f":{"0":0,"1":0},"b":{"0":[0,0]}}
,"/home/duda/Projetos/projeto19-drivenpass/src/config/envs.ts": {"path":"/home/duda/Projetos/projeto19-drivenpass/src/config/envs.ts","statementMap":{"0":{"start":{"line":1,"column":0},"end":{"line":1,"column":28}},"1":{"start":{"line":2,"column":0},"end":{"line":2,"column":41}},"2":{"start":{"line":6,"column":4},"end":{"line":10,"column":16}},"3":{"start":{"line":12,"column":22},"end":{"line":12,"column":45}},"4":{"start":{"line":13,"column":2},"end":{"line":13,"column":35}},"5":{"start":{"line":4,"column":0},"end":{"line":4,"column":16}}},"fnMap":{"0":{"name":"loadEnv","decl":{"start":{"line":4,"column":16},"end":{"line":4,"column":23}},"loc":{"start":{"line":4,"column":23},"end":{"line":14,"column":1}}}},"branchMap":{"0":{"loc":{"start":{"line":6,"column":4},"end":{"line":10,"column":16}},"type":"cond-expr","locations":[{"start":{"line":7,"column":8},"end":{"line":7,"column":19}},{"start":{"line":8,"column":8},"end":{"line":10,"column":16}}]},"1":{"loc":{"start":{"line":8,"column":8},"end":{"line":10,"column":16}},"type":"cond-expr","locations":[{"start":{"line":9,"column":10},"end":{"line":9,"column":28}},{"start":{"line":10,"column":10},"end":{"line":10,"column":16}}]}},"s":{"0":5,"1":5,"2":8,"3":8,"4":8,"5":5},"f":{"0":8},"b":{"0":[8,0],"1":[0,0]}}
,"/home/duda/Projetos/projeto19-drivenpass/src/config/index.ts": {"path":"/home/duda/Projetos/projeto19-drivenpass/src/config/index.ts","statementMap":{"0":{"start":{"line":1,"column":0},"end":{"line":1,"column":23}},"1":{"start":{"line":2,"column":0},"end":{"line":2,"column":25}}},"fnMap":{},"branchMap":{},"s":{"0":5,"1":5},"f":{},"b":{}}
,"/home/duda/Projetos/projeto19-drivenpass/src/config/prisma.ts": {"path":"/home/duda/Projetos/projeto19-drivenpass/src/config/prisma.ts","statementMap":{"0":{"start":{"line":3,"column":0},"end":{"line":3,"column":46}},"1":{"start":{"line":7,"column":2},"end":{"line":7,"column":30}},"2":{"start":{"line":6,"column":0},"end":{"line":6,"column":16}},"3":{"start":{"line":11,"column":2},"end":{"line":11,"column":30}},"4":{"start":{"line":10,"column":0},"end":{"line":10,"column":7}}},"fnMap":{"0":{"name":"connectDb","decl":{"start":{"line":6,"column":16},"end":{"line":6,"column":25}},"loc":{"start":{"line":6,"column":25},"end":{"line":8,"column":1}}},"1":{"name":"disconnectDB","decl":{"start":{"line":10,"column":22},"end":{"line":10,"column":34}},"loc":{"start":{"line":10,"column":34},"end":{"line":12,"column":1}}}},"branchMap":{},"s":{"0":5,"1":3,"2":5,"3":0,"4":5},"f":{"0":3,"1":0},"b":{}}
,"/home/duda/Projetos/projeto19-drivenpass/src/controllers/authController.ts": {"path":"/home/duda/Projetos/projeto19-drivenpass/src/controllers/authController.ts","statementMap":{"0":{"start":{"line":2,"column":0},"end":{"line":2,"column":54}},"1":{"start":{"line":6,"column":64},"end":{"line":6,"column":72}},"2":{"start":{"line":8,"column":2},"end":{"line":8,"column":40}},"3":{"start":{"line":8,"column":13},"end":{"line":8,"column":40}},"4":{"start":{"line":9,"column":2},"end":{"line":9,"column":null}},"5":{"start":{"line":11,"column":2},"end":{"line":11,"column":22}},"6":{"start":{"line":5,"column":0},"end":{"line":5,"column":7}},"7":{"start":{"line":15,"column":64},"end":{"line":15,"column":72}},"8":{"start":{"line":17,"column":15},"end":{"line":17,"column":55}},"9":{"start":{"line":19,"column":2},"end":{"line":19,"column":31}},"10":{"start":{"line":14,"column":0},"end":{"line":14,"column":7}}},"fnMap":{"0":{"name":"signUp","decl":{"start":{"line":5,"column":22},"end":{"line":5,"column":28}},"loc":{"start":{"line":5,"column":54},"end":{"line":12,"column":1}}},"1":{"name":"signIn","decl":{"start":{"line":14,"column":22},"end":{"line":14,"column":28}},"loc":{"start":{"line":14,"column":54},"end":{"line":20,"column":1}}}},"branchMap":{"0":{"loc":{"start":{"line":8,"column":2},"end":{"line":8,"column":40}},"type":"if","locations":[{"start":{"line":8,"column":2},"end":{"line":8,"column":40}}]}},"s":{"0":3,"1":0,"2":0,"3":0,"4":0,"5":0,"6":3,"7":5,"8":5,"9":3,"10":3},"f":{"0":0,"1":5},"b":{"0":[0]}}
,"/home/duda/Projetos/projeto19-drivenpass/src/controllers/cardsController.ts": {"path":"/home/duda/Projetos/projeto19-drivenpass/src/controllers/cardsController.ts","statementMap":{"0":{"start":{"line":2,"column":0},"end":{"line":2,"column":56}},"1":{"start":{"line":7,"column":24},"end":{"line":7,"column":32}},"2":{"start":{"line":8,"column":21},"end":{"line":8,"column":49}},"3":{"start":{"line":9,"column":16},"end":{"line":9,"column":54}},"4":{"start":{"line":10,"column":2},"end":{"line":10,"column":null}},"5":{"start":{"line":12,"column":2},"end":{"line":12,"column":22}},"6":{"start":{"line":6,"column":0},"end":{"line":6,"column":7}},"7":{"start":{"line":16,"column":21},"end":{"line":16,"column":49}},"8":{"start":{"line":17,"column":16},"end":{"line":17,"column":54}},"9":{"start":{"line":18,"column":14},"end":{"line":18,"column":24}},"10":{"start":{"line":19,"column":15},"end":{"line":19,"column":61}},"11":{"start":{"line":21,"column":2},"end":{"line":21,"column":31}},"12":{"start":{"line":15,"column":0},"end":{"line":15,"column":7}},"13":{"start":{"line":25,"column":21},"end":{"line":25,"column":49}},"14":{"start":{"line":26,"column":16},"end":{"line":26,"column":54}},"15":{"start":{"line":27,"column":15},"end":{"line":27,"column":49}},"16":{"start":{"line":28,"column":2},"end":{"line":28,"column":31}},"17":{"start":{"line":24,"column":0},"end":{"line":24,"column":7}},"18":{"start":{"line":32,"column":23},"end":{"line":32,"column":51}},"19":{"start":{"line":33,"column":18},"end":{"line":33,"column":56}},"20":{"start":{"line":34,"column":16},"end":{"line":34,"column":26}},"21":{"start":{"line":35,"column":4},"end":{"line":35,"column":null}},"22":{"start":{"line":36,"column":4},"end":{"line":36,"column":31}},"23":{"start":{"line":31,"column":2},"end":{"line":31,"column":9}}},"fnMap":{"0":{"name":"createCards","decl":{"start":{"line":6,"column":22},"end":{"line":6,"column":33}},"loc":{"start":{"line":6,"column":59},"end":{"line":13,"column":1}}},"1":{"name":"getCardId","decl":{"start":{"line":15,"column":22},"end":{"line":15,"column":31}},"loc":{"start":{"line":15,"column":57},"end":{"line":22,"column":1}}},"2":{"name":"getCards","decl":{"start":{"line":24,"column":22},"end":{"line":24,"column":30}},"loc":{"start":{"line":24,"column":56},"end":{"line":29,"column":3}}},"3":{"name":"deleteCard","decl":{"start":{"line":31,"column":24},"end":{"line":31,"column":34}},"loc":{"start":{"line":31,"column":60},"end":{"line":37,"column":5}}}},"branchMap":{"0":{"loc":{"start":{"line":9,"column":16},"end":{"line":9,"column":54}},"type":"binary-expr","locations":[{"start":{"line":9,"column":16},"end":{"line":9,"column":26}},{"start":{"line":9,"column":30},"end":{"line":9,"column":54}}]},"1":{"loc":{"start":{"line":17,"column":16},"end":{"line":17,"column":54}},"type":"binary-expr","locations":[{"start":{"line":17,"column":16},"end":{"line":17,"column":26}},{"start":{"line":17,"column":30},"end":{"line":17,"column":54}}]},"2":{"loc":{"start":{"line":26,"column":16},"end":{"line":26,"column":54}},"type":"binary-expr","locations":[{"start":{"line":26,"column":16},"end":{"line":26,"column":26}},{"start":{"line":26,"column":30},"end":{"line":26,"column":54}}]},"3":{"loc":{"start":{"line":33,"column":18},"end":{"line":33,"column":56}},"type":"binary-expr","locations":[{"start":{"line":33,"column":18},"end":{"line":33,"column":28}},{"start":{"line":33,"column":32},"end":{"line":33,"column":56}}]}},"s":{"0":3,"1":0,"2":0,"3":0,"4":0,"5":0,"6":3,"7":0,"8":0,"9":0,"10":0,"11":0,"12":3,"13":0,"14":0,"15":0,"16":0,"17":3,"18":0,"19":0,"20":0,"21":0,"22":0,"23":3},"f":{"0":0,"1":0,"2":0,"3":0},"b":{"0":[0,0],"1":[0,0],"2":[0,0],"3":[0,0]}}
,"/home/duda/Projetos/projeto19-drivenpass/src/controllers/credentialController.ts": {"path":"/home/duda/Projetos/projeto19-drivenpass/src/controllers/credentialController.ts","statementMap":{"0":{"start":{"line":2,"column":0},"end":{"line":2,"column":66}},"1":{"start":{"line":8,"column":56},"end":{"line":8,"column":64}},"2":{"start":{"line":9,"column":21},"end":{"line":9,"column":49}},"3":{"start":{"line":10,"column":16},"end":{"line":10,"column":54}},"4":{"start":{"line":11,"column":2},"end":{"line":11,"column":null}},"5":{"start":{"line":13,"column":2},"end":{"line":13,"column":22}},"6":{"start":{"line":6,"column":0},"end":{"line":6,"column":7}},"7":{"start":{"line":17,"column":21},"end":{"line":17,"column":49}},"8":{"start":{"line":18,"column":16},"end":{"line":18,"column":54}},"9":{"start":{"line":19,"column":14},"end":{"line":19,"column":24}},"10":{"start":{"line":20,"column":15},"end":{"line":20,"column":72}},"11":{"start":{"line":22,"column":2},"end":{"line":22,"column":31}},"12":{"start":{"line":16,"column":0},"end":{"line":16,"column":7}},"13":{"start":{"line":26,"column":21},"end":{"line":26,"column":49}},"14":{"start":{"line":27,"column":16},"end":{"line":27,"column":54}},"15":{"start":{"line":28,"column":15},"end":{"line":28,"column":60}},"16":{"start":{"line":29,"column":2},"end":{"line":29,"column":31}},"17":{"start":{"line":25,"column":0},"end":{"line":25,"column":7}},"18":{"start":{"line":33,"column":23},"end":{"line":33,"column":51}},"19":{"start":{"line":34,"column":18},"end":{"line":34,"column":56}},"20":{"start":{"line":35,"column":16},"end":{"line":35,"column":26}},"21":{"start":{"line":36,"column":4},"end":{"line":36,"column":null}},"22":{"start":{"line":37,"column":4},"end":{"line":37,"column":31}},"23":{"start":{"line":32,"column":2},"end":{"line":32,"column":9}}},"fnMap":{"0":{"name":"createCredential","decl":{"start":{"line":6,"column":22},"end":{"line":6,"column":38}},"loc":{"start":{"line":6,"column":64},"end":{"line":14,"column":1}}},"1":{"name":"getCredentialId","decl":{"start":{"line":16,"column":22},"end":{"line":16,"column":37}},"loc":{"start":{"line":16,"column":63},"end":{"line":23,"column":1}}},"2":{"name":"getCredentials","decl":{"start":{"line":25,"column":22},"end":{"line":25,"column":36}},"loc":{"start":{"line":25,"column":62},"end":{"line":30,"column":3}}},"3":{"name":"deleteCredential","decl":{"start":{"line":32,"column":24},"end":{"line":32,"column":40}},"loc":{"start":{"line":32,"column":66},"end":{"line":38,"column":5}}}},"branchMap":{"0":{"loc":{"start":{"line":10,"column":16},"end":{"line":10,"column":54}},"type":"binary-expr","locations":[{"start":{"line":10,"column":16},"end":{"line":10,"column":26}},{"start":{"line":10,"column":30},"end":{"line":10,"column":54}}]},"1":{"loc":{"start":{"line":18,"column":16},"end":{"line":18,"column":54}},"type":"binary-expr","locations":[{"start":{"line":18,"column":16},"end":{"line":18,"column":26}},{"start":{"line":18,"column":30},"end":{"line":18,"column":54}}]},"2":{"loc":{"start":{"line":27,"column":16},"end":{"line":27,"column":54}},"type":"binary-expr","locations":[{"start":{"line":27,"column":16},"end":{"line":27,"column":26}},{"start":{"line":27,"column":30},"end":{"line":27,"column":54}}]},"3":{"loc":{"start":{"line":34,"column":18},"end":{"line":34,"column":56}},"type":"binary-expr","locations":[{"start":{"line":34,"column":18},"end":{"line":34,"column":28}},{"start":{"line":34,"column":32},"end":{"line":34,"column":56}}]}},"s":{"0":3,"1":1,"2":1,"3":1,"4":1,"5":1,"6":3,"7":3,"8":3,"9":3,"10":3,"11":1,"12":3,"13":1,"14":1,"15":1,"16":1,"17":3,"18":3,"19":3,"20":3,"21":3,"22":1,"23":3},"f":{"0":1,"1":3,"2":1,"3":3},"b":{"0":[1,1],"1":[3,3],"2":[1,1],"3":[3,3]}}
,"/home/duda/Projetos/projeto19-drivenpass/src/controllers/securityNotesController.ts": {"path":"/home/duda/Projetos/projeto19-drivenpass/src/controllers/securityNotesController.ts","statementMap":{"0":{"start":{"line":2,"column":0},"end":{"line":2,"column":72}},"1":{"start":{"line":7,"column":41},"end":{"line":7,"column":49}},"2":{"start":{"line":8,"column":21},"end":{"line":8,"column":49}},"3":{"start":{"line":9,"column":16},"end":{"line":9,"column":54}},"4":{"start":{"line":10,"column":2},"end":{"line":10,"column":null}},"5":{"start":{"line":12,"column":2},"end":{"line":12,"column":22}},"6":{"start":{"line":6,"column":0},"end":{"line":6,"column":7}},"7":{"start":{"line":16,"column":21},"end":{"line":16,"column":49}},"8":{"start":{"line":17,"column":16},"end":{"line":17,"column":54}},"9":{"start":{"line":18,"column":14},"end":{"line":18,"column":24}},"10":{"start":{"line":19,"column":15},"end":{"line":19,"column":77}},"11":{"start":{"line":21,"column":2},"end":{"line":21,"column":31}},"12":{"start":{"line":15,"column":0},"end":{"line":15,"column":7}},"13":{"start":{"line":25,"column":21},"end":{"line":25,"column":49}},"14":{"start":{"line":26,"column":16},"end":{"line":26,"column":54}},"15":{"start":{"line":27,"column":15},"end":{"line":27,"column":65}},"16":{"start":{"line":28,"column":2},"end":{"line":28,"column":31}},"17":{"start":{"line":24,"column":0},"end":{"line":24,"column":7}},"18":{"start":{"line":32,"column":23},"end":{"line":32,"column":51}},"19":{"start":{"line":33,"column":18},"end":{"line":33,"column":56}},"20":{"start":{"line":34,"column":16},"end":{"line":34,"column":26}},"21":{"start":{"line":35,"column":4},"end":{"line":35,"column":null}},"22":{"start":{"line":36,"column":4},"end":{"line":36,"column":31}},"23":{"start":{"line":31,"column":2},"end":{"line":31,"column":9}}},"fnMap":{"0":{"name":"createSecurityNote","decl":{"start":{"line":6,"column":22},"end":{"line":6,"column":40}},"loc":{"start":{"line":6,"column":66},"end":{"line":13,"column":1}}},"1":{"name":"getSecurityNoteId","decl":{"start":{"line":15,"column":22},"end":{"line":15,"column":39}},"loc":{"start":{"line":15,"column":65},"end":{"line":22,"column":1}}},"2":{"name":"getSecurityNotes","decl":{"start":{"line":24,"column":22},"end":{"line":24,"column":38}},"loc":{"start":{"line":24,"column":64},"end":{"line":29,"column":3}}},"3":{"name":"deleteSecurityNote","decl":{"start":{"line":31,"column":24},"end":{"line":31,"column":42}},"loc":{"start":{"line":31,"column":68},"end":{"line":37,"column":5}}}},"branchMap":{"0":{"loc":{"start":{"line":9,"column":16},"end":{"line":9,"column":54}},"type":"binary-expr","locations":[{"start":{"line":9,"column":16},"end":{"line":9,"column":26}},{"start":{"line":9,"column":30},"end":{"line":9,"column":54}}]},"1":{"loc":{"start":{"line":17,"column":16},"end":{"line":17,"column":54}},"type":"binary-expr","locations":[{"start":{"line":17,"column":16},"end":{"line":17,"column":26}},{"start":{"line":17,"column":30},"end":{"line":17,"column":54}}]},"2":{"loc":{"start":{"line":26,"column":16},"end":{"line":26,"column":54}},"type":"binary-expr","locations":[{"start":{"line":26,"column":16},"end":{"line":26,"column":26}},{"start":{"line":26,"column":30},"end":{"line":26,"column":54}}]},"3":{"loc":{"start":{"line":33,"column":18},"end":{"line":33,"column":56}},"type":"binary-expr","locations":[{"start":{"line":33,"column":18},"end":{"line":33,"column":28}},{"start":{"line":33,"column":32},"end":{"line":33,"column":56}}]}},"s":{"0":3,"1":0,"2":0,"3":0,"4":0,"5":0,"6":3,"7":0,"8":0,"9":0,"10":0,"11":0,"12":3,"13":0,"14":0,"15":0,"16":0,"17":3,"18":0,"19":0,"20":0,"21":0,"22":0,"23":3},"f":{"0":0,"1":0,"2":0,"3":0},"b":{"0":[0,0],"1":[0,0],"2":[0,0],"3":[0,0]}}
,"/home/duda/Projetos/projeto19-drivenpass/src/controllers/wifisController.ts": {"path":"/home/duda/Projetos/projeto19-drivenpass/src/controllers/wifisController.ts","statementMap":{"0":{"start":{"line":2,"column":0},"end":{"line":2,"column":54}},"1":{"start":{"line":7,"column":38},"end":{"line":7,"column":46}},"2":{"start":{"line":8,"column":21},"end":{"line":8,"column":49}},"3":{"start":{"line":9,"column":16},"end":{"line":9,"column":54}},"4":{"start":{"line":10,"column":2},"end":{"line":10,"column":null}},"5":{"start":{"line":12,"column":2},"end":{"line":12,"column":22}},"6":{"start":{"line":6,"column":0},"end":{"line":6,"column":7}},"7":{"start":{"line":16,"column":21},"end":{"line":16,"column":49}},"8":{"start":{"line":17,"column":16},"end":{"line":17,"column":54}},"9":{"start":{"line":18,"column":14},"end":{"line":18,"column":24}},"10":{"start":{"line":19,"column":15},"end":{"line":19,"column":60}},"11":{"start":{"line":21,"column":2},"end":{"line":21,"column":31}},"12":{"start":{"line":15,"column":0},"end":{"line":15,"column":7}},"13":{"start":{"line":25,"column":21},"end":{"line":25,"column":49}},"14":{"start":{"line":26,"column":16},"end":{"line":26,"column":54}},"15":{"start":{"line":27,"column":15},"end":{"line":27,"column":48}},"16":{"start":{"line":28,"column":2},"end":{"line":28,"column":31}},"17":{"start":{"line":24,"column":0},"end":{"line":24,"column":7}},"18":{"start":{"line":32,"column":23},"end":{"line":32,"column":51}},"19":{"start":{"line":33,"column":18},"end":{"line":33,"column":56}},"20":{"start":{"line":34,"column":16},"end":{"line":34,"column":26}},"21":{"start":{"line":35,"column":4},"end":{"line":35,"column":null}},"22":{"start":{"line":36,"column":4},"end":{"line":36,"column":31}},"23":{"start":{"line":31,"column":2},"end":{"line":31,"column":9}}},"fnMap":{"0":{"name":"createWifi","decl":{"start":{"line":6,"column":22},"end":{"line":6,"column":32}},"loc":{"start":{"line":6,"column":58},"end":{"line":13,"column":1}}},"1":{"name":"getWifiId","decl":{"start":{"line":15,"column":22},"end":{"line":15,"column":31}},"loc":{"start":{"line":15,"column":57},"end":{"line":22,"column":1}}},"2":{"name":"getWifis","decl":{"start":{"line":24,"column":22},"end":{"line":24,"column":30}},"loc":{"start":{"line":24,"column":56},"end":{"line":29,"column":3}}},"3":{"name":"deleteWifi","decl":{"start":{"line":31,"column":24},"end":{"line":31,"column":34}},"loc":{"start":{"line":31,"column":60},"end":{"line":37,"column":5}}}},"branchMap":{"0":{"loc":{"start":{"line":9,"column":16},"end":{"line":9,"column":54}},"type":"binary-expr","locations":[{"start":{"line":9,"column":16},"end":{"line":9,"column":26}},{"start":{"line":9,"column":30},"end":{"line":9,"column":54}}]},"1":{"loc":{"start":{"line":17,"column":16},"end":{"line":17,"column":54}},"type":"binary-expr","locations":[{"start":{"line":17,"column":16},"end":{"line":17,"column":26}},{"start":{"line":17,"column":30},"end":{"line":17,"column":54}}]},"2":{"loc":{"start":{"line":26,"column":16},"end":{"line":26,"column":54}},"type":"binary-expr","locations":[{"start":{"line":26,"column":16},"end":{"line":26,"column":26}},{"start":{"line":26,"column":30},"end":{"line":26,"column":54}}]},"3":{"loc":{"start":{"line":33,"column":18},"end":{"line":33,"column":56}},"type":"binary-expr","locations":[{"start":{"line":33,"column":18},"end":{"line":33,"column":28}},{"start":{"line":33,"column":32},"end":{"line":33,"column":56}}]}},"s":{"0":3,"1":1,"2":1,"3":1,"4":1,"5":1,"6":3,"7":3,"8":3,"9":3,"10":3,"11":1,"12":3,"13":1,"14":1,"15":1,"16":1,"17":3,"18":3,"19":3,"20":3,"21":3,"22":1,"23":3},"f":{"0":1,"1":3,"2":1,"3":3},"b":{"0":[1,1],"1":[3,3],"2":[1,1],"3":[3,3]}}
,"/home/duda/Projetos/projeto19-drivenpass/src/middlewares/authentication-middleware.ts": {"path":"/home/duda/Projetos/projeto19-drivenpass/src/middlewares/authentication-middleware.ts","statementMap":{"0":{"start":{"line":3,"column":0},"end":{"line":3,"column":36}},"1":{"start":{"line":5,"column":0},"end":{"line":5,"column":42}},"2":{"start":{"line":8,"column":21},"end":{"line":8,"column":48}},"3":{"start":{"line":9,"column":2},"end":{"line":9,"column":60}},"4":{"start":{"line":9,"column":19},"end":{"line":9,"column":60}},"5":{"start":{"line":11,"column":16},"end":{"line":11,"column":40}},"6":{"start":{"line":12,"column":2},"end":{"line":12,"column":55}},"7":{"start":{"line":12,"column":14},"end":{"line":12,"column":55}},"8":{"start":{"line":14,"column":2},"end":{"line":29,"column":null}},"9":{"start":{"line":15,"column":23},"end":{"line":15,"column":78}},"10":{"start":{"line":17,"column":20},"end":{"line":21,"column":6}},"11":{"start":{"line":22,"column":4},"end":{"line":22,"column":59}},"12":{"start":{"line":22,"column":18},"end":{"line":22,"column":59}},"13":{"start":{"line":24,"column":4},"end":{"line":24,"column":24}},"14":{"start":{"line":26,"column":4},"end":{"line":26,"column":18}},"15":{"start":{"line":28,"column":4},"end":{"line":28,"column":45}},"16":{"start":{"line":7,"column":0},"end":{"line":7,"column":7}},"17":{"start":{"line":33,"column":2},"end":{"line":33,"column":22}}},"fnMap":{"0":{"name":"authenticateToken","decl":{"start":{"line":7,"column":22},"end":{"line":7,"column":39}},"loc":{"start":{"line":7,"column":100},"end":{"line":30,"column":1}}},"1":{"name":"generateUnauthorizedResponse","decl":{"start":{"line":32,"column":9},"end":{"line":32,"column":37}},"loc":{"start":{"line":32,"column":51},"end":{"line":34,"column":1}}}},"branchMap":{"0":{"loc":{"start":{"line":9,"column":2},"end":{"line":9,"column":60}},"type":"if","locations":[{"start":{"line":9,"column":2},"end":{"line":9,"column":60}}]},"1":{"loc":{"start":{"line":12,"column":2},"end":{"line":12,"column":55}},"type":"if","locations":[{"start":{"line":12,"column":2},"end":{"line":12,"column":55}}]},"2":{"loc":{"start":{"line":22,"column":4},"end":{"line":22,"column":59}},"type":"if","locations":[{"start":{"line":22,"column":4},"end":{"line":22,"column":59}}]}},"s":{"0":3,"1":3,"2":60,"3":60,"4":8,"5":52,"6":52,"7":0,"8":52,"9":52,"10":44,"11":44,"12":8,"13":36,"14":36,"15":8,"16":3,"17":24},"f":{"0":60,"1":24},"b":{"0":[8],"1":[0],"2":[8]}}
,"/home/duda/Projetos/projeto19-drivenpass/src/middlewares/errorHandler.ts": {"path":"/home/duda/Projetos/projeto19-drivenpass/src/middlewares/errorHandler.ts","statementMap":{"0":{"start":{"line":5,"column":2},"end":{"line":7,"column":null}},"1":{"start":{"line":6,"column":4},"end":{"line":6,"column":47}},"2":{"start":{"line":8,"column":2},"end":{"line":10,"column":null}},"3":{"start":{"line":9,"column":4},"end":{"line":9,"column":47}},"4":{"start":{"line":11,"column":2},"end":{"line":13,"column":null}},"5":{"start":{"line":12,"column":4},"end":{"line":12,"column":47}},"6":{"start":{"line":14,"column":2},"end":{"line":16,"column":null}},"7":{"start":{"line":15,"column":4},"end":{"line":15,"column":47}},"8":{"start":{"line":18,"column":2},"end":{"line":18,"column":22}},"9":{"start":{"line":4,"column":0},"end":{"line":4,"column":24}}},"fnMap":{"0":{"name":"errorHandler","decl":{"start":{"line":4,"column":24},"end":{"line":4,"column":36}},"loc":{"start":{"line":4,"column":97},"end":{"line":19,"column":1}}}},"branchMap":{"0":{"loc":{"start":{"line":5,"column":2},"end":{"line":7,"column":null}},"type":"if","locations":[{"start":{"line":5,"column":2},"end":{"line":7,"column":null}}]},"1":{"loc":{"start":{"line":8,"column":2},"end":{"line":10,"column":null}},"type":"if","locations":[{"start":{"line":8,"column":2},"end":{"line":10,"column":null}}]},"2":{"loc":{"start":{"line":11,"column":2},"end":{"line":13,"column":null}},"type":"if","locations":[{"start":{"line":11,"column":2},"end":{"line":13,"column":null}}]},"3":{"loc":{"start":{"line":14,"column":2},"end":{"line":16,"column":null}},"type":"if","locations":[{"start":{"line":14,"column":2},"end":{"line":16,"column":null}}]}},"s":{"0":14,"1":4,"2":10,"3":6,"4":4,"5":0,"6":4,"7":4,"8":0,"9":3},"f":{"0":14},"b":{"0":[4],"1":[6],"2":[0],"3":[4]}}
,"/home/duda/Projetos/projeto19-drivenpass/src/middlewares/schemaValidate.ts": {"path":"/home/duda/Projetos/projeto19-drivenpass/src/middlewares/schemaValidate.ts","statementMap":{"0":{"start":{"line":5,"column":2},"end":{"line":18,"column":4}},"1":{"start":{"line":6,"column":22},"end":{"line":6,"column":70}},"2":{"start":{"line":7,"column":4},"end":{"line":15,"column":null}},"3":{"start":{"line":8,"column":27},"end":{"line":9,"column":45}},"4":{"start":{"line":9,"column":6},"end":{"line":9,"column":44}},"5":{"start":{"line":11,"column":6},"end":{"line":14,"column":8}},"6":{"start":{"line":17,"column":4},"end":{"line":17,"column":11}},"7":{"start":{"line":4,"column":0},"end":{"line":4,"column":16}}},"fnMap":{"0":{"name":"validateSchema","decl":{"start":{"line":4,"column":16},"end":{"line":4,"column":30}},"loc":{"start":{"line":4,"column":41},"end":{"line":19,"column":1}}},"1":{"name":"(anonymous_1)","decl":{"start":{"line":5,"column":9},"end":{"line":5,"column":10}},"loc":{"start":{"line":5,"column":61},"end":{"line":18,"column":3}}},"2":{"name":"(anonymous_2)","decl":{"start":{"line":8,"column":45},"end":{"line":8,"column":46}},"loc":{"start":{"line":9,"column":6},"end":{"line":9,"column":44}}}},"branchMap":{"0":{"loc":{"start":{"line":7,"column":4},"end":{"line":15,"column":null}},"type":"if","locations":[{"start":{"line":7,"column":4},"end":{"line":15,"column":null}}]}},"s":{"0":18,"1":11,"2":11,"3":4,"4":10,"5":4,"6":7,"7":3},"f":{"0":18,"1":11,"2":10},"b":{"0":[4]}}
,"/home/duda/Projetos/projeto19-drivenpass/src/repositories/authRepository.ts": {"path":"/home/duda/Projetos/projeto19-drivenpass/src/repositories/authRepository.ts","statementMap":{"0":{"start":{"line":1,"column":0},"end":{"line":1,"column":42}},"1":{"start":{"line":5,"column":17},"end":{"line":9,"column":4}},"2":{"start":{"line":11,"column":2},"end":{"line":11,"column":16}},"3":{"start":{"line":4,"column":0},"end":{"line":4,"column":7}},"4":{"start":{"line":15,"column":2},"end":{"line":17,"column":5}},"5":{"start":{"line":14,"column":0},"end":{"line":14,"column":7}},"6":{"start":{"line":22,"column":17},"end":{"line":24,"column":4}},"7":{"start":{"line":26,"column":2},"end":{"line":26,"column":16}},"8":{"start":{"line":21,"column":0},"end":{"line":21,"column":7}},"9":{"start":{"line":30,"column":2},"end":{"line":32,"column":5}},"10":{"start":{"line":29,"column":0},"end":{"line":29,"column":7}},"11":{"start":{"line":36,"column":17},"end":{"line":40,"column":4}},"12":{"start":{"line":42,"column":2},"end":{"line":42,"column":16}},"13":{"start":{"line":35,"column":0},"end":{"line":35,"column":7}}},"fnMap":{"0":{"name":"findByEmail","decl":{"start":{"line":4,"column":22},"end":{"line":4,"column":33}},"loc":{"start":{"line":4,"column":46},"end":{"line":12,"column":1}}},"1":{"name":"insertUser","decl":{"start":{"line":14,"column":22},"end":{"line":14,"column":32}},"loc":{"start":{"line":14,"column":48},"end":{"line":19,"column":1}}},"2":{"name":"findUser","decl":{"start":{"line":21,"column":22},"end":{"line":21,"column":30}},"loc":{"start":{"line":21,"column":46},"end":{"line":27,"column":1}}},"3":{"name":"insertSession","decl":{"start":{"line":29,"column":22},"end":{"line":29,"column":35}},"loc":{"start":{"line":29,"column":54},"end":{"line":33,"column":1}}},"4":{"name":"findSession","decl":{"start":{"line":35,"column":22},"end":{"line":35,"column":33}},"loc":{"start":{"line":35,"column":43},"end":{"line":43,"column":1}}}},"branchMap":{},"s":{"0":3,"1":5,"2":5,"3":3,"4":0,"5":3,"6":0,"7":0,"8":3,"9":3,"10":3,"11":16,"12":16,"13":3},"f":{"0":5,"1":0,"2":0,"3":3,"4":16},"b":{}}
,"/home/duda/Projetos/projeto19-drivenpass/src/repositories/cardsRepository.ts": {"path":"/home/duda/Projetos/projeto19-drivenpass/src/repositories/cardsRepository.ts","statementMap":{"0":{"start":{"line":2,"column":0},"end":{"line":2,"column":42}},"1":{"start":{"line":6,"column":17},"end":{"line":8,"column":4}},"2":{"start":{"line":10,"column":2},"end":{"line":10,"column":16}},"3":{"start":{"line":5,"column":0},"end":{"line":5,"column":7}},"4":{"start":{"line":14,"column":17},"end":{"line":19,"column":4}},"5":{"start":{"line":21,"column":2},"end":{"line":21,"column":16}},"6":{"start":{"line":13,"column":0},"end":{"line":13,"column":7}},"7":{"start":{"line":25,"column":17},"end":{"line":29,"column":4}},"8":{"start":{"line":31,"column":2},"end":{"line":31,"column":16}},"9":{"start":{"line":24,"column":0},"end":{"line":24,"column":7}},"10":{"start":{"line":35,"column":17},"end":{"line":39,"column":4}},"11":{"start":{"line":41,"column":2},"end":{"line":41,"column":16}},"12":{"start":{"line":34,"column":0},"end":{"line":34,"column":7}},"13":{"start":{"line":45,"column":2},"end":{"line":49,"column":null}},"14":{"start":{"line":44,"column":0},"end":{"line":44,"column":7}},"15":{"start":{"line":54,"column":17},"end":{"line":58,"column":4}},"16":{"start":{"line":60,"column":2},"end":{"line":60,"column":16}},"17":{"start":{"line":53,"column":0},"end":{"line":53,"column":7}}},"fnMap":{"0":{"name":"insertCards","decl":{"start":{"line":5,"column":22},"end":{"line":5,"column":33}},"loc":{"start":{"line":5,"column":49},"end":{"line":11,"column":1}}},"1":{"name":"findByTitleandUserId","decl":{"start":{"line":13,"column":22},"end":{"line":13,"column":42}},"loc":{"start":{"line":13,"column":69},"end":{"line":22,"column":1}}},"2":{"name":"findById","decl":{"start":{"line":24,"column":22},"end":{"line":24,"column":30}},"loc":{"start":{"line":24,"column":40},"end":{"line":32,"column":1}}},"3":{"name":"find","decl":{"start":{"line":34,"column":22},"end":{"line":34,"column":26}},"loc":{"start":{"line":34,"column":40},"end":{"line":42,"column":1}}},"4":{"name":"deleteById","decl":{"start":{"line":44,"column":22},"end":{"line":44,"column":32}},"loc":{"start":{"line":44,"column":42},"end":{"line":51,"column":1}}},"5":{"name":"findType","decl":{"start":{"line":53,"column":22},"end":{"line":53,"column":30}},"loc":{"start":{"line":53,"column":40},"end":{"line":61,"column":1}}}},"branchMap":{},"s":{"0":3,"1":0,"2":0,"3":3,"4":0,"5":0,"6":3,"7":0,"8":0,"9":3,"10":0,"11":0,"12":3,"13":0,"14":3,"15":0,"16":0,"17":3},"f":{"0":0,"1":0,"2":0,"3":0,"4":0,"5":0},"b":{}}
,"/home/duda/Projetos/projeto19-drivenpass/src/repositories/credentialsRepository.ts": {"path":"/home/duda/Projetos/projeto19-drivenpass/src/repositories/credentialsRepository.ts","statementMap":{"0":{"start":{"line":2,"column":0},"end":{"line":2,"column":42}},"1":{"start":{"line":7,"column":17},"end":{"line":9,"column":4}},"2":{"start":{"line":11,"column":2},"end":{"line":11,"column":16}},"3":{"start":{"line":6,"column":0},"end":{"line":6,"column":7}},"4":{"start":{"line":15,"column":17},"end":{"line":20,"column":4}},"5":{"start":{"line":22,"column":2},"end":{"line":22,"column":16}},"6":{"start":{"line":14,"column":0},"end":{"line":14,"column":7}},"7":{"start":{"line":26,"column":17},"end":{"line":30,"column":4}},"8":{"start":{"line":32,"column":2},"end":{"line":32,"column":16}},"9":{"start":{"line":25,"column":0},"end":{"line":25,"column":7}},"10":{"start":{"line":36,"column":17},"end":{"line":40,"column":4}},"11":{"start":{"line":42,"column":2},"end":{"line":42,"column":16}},"12":{"start":{"line":35,"column":0},"end":{"line":35,"column":7}},"13":{"start":{"line":46,"column":2},"end":{"line":50,"column":null}},"14":{"start":{"line":45,"column":0},"end":{"line":45,"column":7}}},"fnMap":{"0":{"name":"insertCredential","decl":{"start":{"line":6,"column":22},"end":{"line":6,"column":38}},"loc":{"start":{"line":6,"column":60},"end":{"line":12,"column":1}}},"1":{"name":"findByTitleandUserId","decl":{"start":{"line":14,"column":22},"end":{"line":14,"column":42}},"loc":{"start":{"line":14,"column":69},"end":{"line":23,"column":1}}},"2":{"name":"findById","decl":{"start":{"line":25,"column":22},"end":{"line":25,"column":30}},"loc":{"start":{"line":25,"column":40},"end":{"line":33,"column":1}}},"3":{"name":"find","decl":{"start":{"line":35,"column":22},"end":{"line":35,"column":26}},"loc":{"start":{"line":35,"column":40},"end":{"line":43,"column":1}}},"4":{"name":"deleteById","decl":{"start":{"line":45,"column":22},"end":{"line":45,"column":32}},"loc":{"start":{"line":45,"column":42},"end":{"line":52,"column":1}}}},"branchMap":{},"s":{"0":3,"1":1,"2":1,"3":3,"4":1,"5":1,"6":3,"7":6,"8":6,"9":3,"10":1,"11":1,"12":3,"13":1,"14":3},"f":{"0":1,"1":1,"2":6,"3":1,"4":1},"b":{}}
,"/home/duda/Projetos/projeto19-drivenpass/src/repositories/securityNotesRepository.ts": {"path":"/home/duda/Projetos/projeto19-drivenpass/src/repositories/securityNotesRepository.ts","statementMap":{"0":{"start":{"line":2,"column":0},"end":{"line":2,"column":42}},"1":{"start":{"line":7,"column":17},"end":{"line":9,"column":4}},"2":{"start":{"line":11,"column":2},"end":{"line":11,"column":16}},"3":{"start":{"line":6,"column":0},"end":{"line":6,"column":7}},"4":{"start":{"line":15,"column":17},"end":{"line":20,"column":4}},"5":{"start":{"line":22,"column":2},"end":{"line":22,"column":16}},"6":{"start":{"line":14,"column":0},"end":{"line":14,"column":7}},"7":{"start":{"line":26,"column":17},"end":{"line":30,"column":4}},"8":{"start":{"line":32,"column":2},"end":{"line":32,"column":16}},"9":{"start":{"line":25,"column":0},"end":{"line":25,"column":7}},"10":{"start":{"line":36,"column":17},"end":{"line":40,"column":4}},"11":{"start":{"line":42,"column":2},"end":{"line":42,"column":16}},"12":{"start":{"line":35,"column":0},"end":{"line":35,"column":7}},"13":{"start":{"line":46,"column":2},"end":{"line":50,"column":null}},"14":{"start":{"line":45,"column":0},"end":{"line":45,"column":7}}},"fnMap":{"0":{"name":"insertSecurityNote","decl":{"start":{"line":6,"column":22},"end":{"line":6,"column":40}},"loc":{"start":{"line":6,"column":64},"end":{"line":12,"column":1}}},"1":{"name":"findByTitleandUserId","decl":{"start":{"line":14,"column":22},"end":{"line":14,"column":42}},"loc":{"start":{"line":14,"column":69},"end":{"line":23,"column":1}}},"2":{"name":"findById","decl":{"start":{"line":25,"column":22},"end":{"line":25,"column":30}},"loc":{"start":{"line":25,"column":40},"end":{"line":33,"column":1}}},"3":{"name":"find","decl":{"start":{"line":35,"column":22},"end":{"line":35,"column":26}},"loc":{"start":{"line":35,"column":40},"end":{"line":43,"column":1}}},"4":{"name":"deleteById","decl":{"start":{"line":45,"column":22},"end":{"line":45,"column":32}},"loc":{"start":{"line":45,"column":42},"end":{"line":52,"column":1}}}},"branchMap":{},"s":{"0":3,"1":0,"2":0,"3":3,"4":0,"5":0,"6":3,"7":0,"8":0,"9":3,"10":0,"11":0,"12":3,"13":0,"14":3},"f":{"0":0,"1":0,"2":0,"3":0,"4":0},"b":{}}
,"/home/duda/Projetos/projeto19-drivenpass/src/repositories/wifisRepository.ts": {"path":"/home/duda/Projetos/projeto19-drivenpass/src/repositories/wifisRepository.ts","statementMap":{"0":{"start":{"line":2,"column":0},"end":{"line":2,"column":42}},"1":{"start":{"line":7,"column":17},"end":{"line":9,"column":4}},"2":{"start":{"line":11,"column":2},"end":{"line":11,"column":16}},"3":{"start":{"line":6,"column":0},"end":{"line":6,"column":7}},"4":{"start":{"line":15,"column":17},"end":{"line":20,"column":4}},"5":{"start":{"line":22,"column":2},"end":{"line":22,"column":16}},"6":{"start":{"line":14,"column":0},"end":{"line":14,"column":7}},"7":{"start":{"line":26,"column":17},"end":{"line":30,"column":4}},"8":{"start":{"line":32,"column":2},"end":{"line":32,"column":16}},"9":{"start":{"line":25,"column":0},"end":{"line":25,"column":7}},"10":{"start":{"line":36,"column":17},"end":{"line":40,"column":4}},"11":{"start":{"line":42,"column":2},"end":{"line":42,"column":16}},"12":{"start":{"line":35,"column":0},"end":{"line":35,"column":7}},"13":{"start":{"line":46,"column":2},"end":{"line":50,"column":null}},"14":{"start":{"line":45,"column":0},"end":{"line":45,"column":7}}},"fnMap":{"0":{"name":"insertWifi","decl":{"start":{"line":6,"column":22},"end":{"line":6,"column":32}},"loc":{"start":{"line":6,"column":48},"end":{"line":12,"column":1}}},"1":{"name":"findByNameandUserId","decl":{"start":{"line":14,"column":22},"end":{"line":14,"column":41}},"loc":{"start":{"line":14,"column":67},"end":{"line":23,"column":1}}},"2":{"name":"findById","decl":{"start":{"line":25,"column":22},"end":{"line":25,"column":30}},"loc":{"start":{"line":25,"column":40},"end":{"line":33,"column":1}}},"3":{"name":"find","decl":{"start":{"line":35,"column":22},"end":{"line":35,"column":26}},"loc":{"start":{"line":35,"column":40},"end":{"line":43,"column":1}}},"4":{"name":"deleteById","decl":{"start":{"line":45,"column":22},"end":{"line":45,"column":32}},"loc":{"start":{"line":45,"column":42},"end":{"line":52,"column":1}}}},"branchMap":{},"s":{"0":3,"1":1,"2":1,"3":3,"4":1,"5":1,"6":3,"7":6,"8":6,"9":3,"10":1,"11":1,"12":3,"13":1,"14":3},"f":{"0":1,"1":1,"2":6,"3":1,"4":1},"b":{}}
,"/home/duda/Projetos/projeto19-drivenpass/src/routes/authRouter.ts": {"path":"/home/duda/Projetos/projeto19-drivenpass/src/routes/authRouter.ts","statementMap":{"0":{"start":{"line":1,"column":0},"end":{"line":1,"column":33}},"1":{"start":{"line":2,"column":0},"end":{"line":2,"column":63}},"2":{"start":{"line":3,"column":0},"end":{"line":3,"column":63}},"3":{"start":{"line":4,"column":0},"end":{"line":4,"column":55}},"4":{"start":{"line":5,"column":19},"end":{"line":5,"column":27}},"5":{"start":{"line":7,"column":0},"end":{"line":7,"column":64}},"6":{"start":{"line":8,"column":0},"end":{"line":8,"column":null}},"7":{"start":{"line":13,"column":0},"end":{"line":13,"column":26}}},"fnMap":{},"branchMap":{},"s":{"0":3,"1":3,"2":3,"3":3,"4":3,"5":3,"6":3,"7":3},"f":{},"b":{}}
,"/home/duda/Projetos/projeto19-drivenpass/src/routes/cardsRouter.ts": {"path":"/home/duda/Projetos/projeto19-drivenpass/src/routes/cardsRouter.ts","statementMap":{"0":{"start":{"line":1,"column":0},"end":{"line":1,"column":33}},"1":{"start":{"line":2,"column":0},"end":{"line":2,"column":94}},"2":{"start":{"line":3,"column":0},"end":{"line":3,"column":63}},"3":{"start":{"line":4,"column":0},"end":{"line":4,"column":53}},"4":{"start":{"line":5,"column":20},"end":{"line":5,"column":28}},"5":{"start":{"line":6,"column":0},"end":{"line":6,"column":77}},"6":{"start":{"line":8,"column":0},"end":{"line":8,"column":null}},"7":{"start":{"line":9,"column":0},"end":{"line":9,"column":68}},"8":{"start":{"line":10,"column":0},"end":{"line":10,"column":null}},"9":{"start":{"line":11,"column":0},"end":{"line":11,"column":null}},"10":{"start":{"line":12,"column":0},"end":{"line":12,"column":null}},"11":{"start":{"line":14,"column":0},"end":{"line":14,"column":27}}},"fnMap":{},"branchMap":{},"s":{"0":3,"1":3,"2":3,"3":3,"4":3,"5":3,"6":3,"7":3,"8":3,"9":3,"10":3,"11":3},"f":{},"b":{}}
,"/home/duda/Projetos/projeto19-drivenpass/src/routes/credentialsRouter.ts": {"path":"/home/duda/Projetos/projeto19-drivenpass/src/routes/credentialsRouter.ts","statementMap":{"0":{"start":{"line":1,"column":0},"end":{"line":1,"column":33}},"1":{"start":{"line":2,"column":0},"end":{"line":2,"column":122}},"2":{"start":{"line":3,"column":0},"end":{"line":3,"column":63}},"3":{"start":{"line":4,"column":0},"end":{"line":4,"column":63}},"4":{"start":{"line":5,"column":26},"end":{"line":5,"column":34}},"5":{"start":{"line":6,"column":0},"end":{"line":6,"column":77}},"6":{"start":{"line":8,"column":0},"end":{"line":8,"column":null}},"7":{"start":{"line":10,"column":0},"end":{"line":10,"column":90}},"8":{"start":{"line":11,"column":0},"end":{"line":11,"column":null}},"9":{"start":{"line":12,"column":0},"end":{"line":12,"column":null}},"10":{"start":{"line":13,"column":0},"end":{"line":13,"column":null}},"11":{"start":{"line":15,"column":0},"end":{"line":15,"column":33}}},"fnMap":{},"branchMap":{},"s":{"0":3,"1":3,"2":3,"3":3,"4":3,"5":3,"6":3,"7":3,"8":3,"9":3,"10":3,"11":3},"f":{},"b":{}}
,"/home/duda/Projetos/projeto19-drivenpass/src/routes/index.ts": {"path":"/home/duda/Projetos/projeto19-drivenpass/src/routes/index.ts","statementMap":{"0":{"start":{"line":1,"column":0},"end":{"line":1,"column":33}},"1":{"start":{"line":2,"column":0},"end":{"line":2,"column":38}},"2":{"start":{"line":3,"column":0},"end":{"line":3,"column":40}},"3":{"start":{"line":4,"column":0},"end":{"line":4,"column":52}},"4":{"start":{"line":5,"column":0},"end":{"line":5,"column":56}},"5":{"start":{"line":6,"column":0},"end":{"line":6,"column":40}},"6":{"start":{"line":8,"column":15},"end":{"line":8,"column":23}},"7":{"start":{"line":9,"column":0},"end":{"line":9,"column":23}},"8":{"start":{"line":10,"column":0},"end":{"line":10,"column":30}},"9":{"start":{"line":11,"column":0},"end":{"line":11,"column":32}},"10":{"start":{"line":12,"column":0},"end":{"line":12,"column":24}},"11":{"start":{"line":13,"column":0},"end":{"line":13,"column":24}},"12":{"start":{"line":15,"column":0},"end":{"line":15,"column":22}}},"fnMap":{},"branchMap":{},"s":{"0":3,"1":3,"2":3,"3":3,"4":3,"5":3,"6":3,"7":3,"8":3,"9":3,"10":3,"11":3,"12":3},"f":{},"b":{}}
,"/home/duda/Projetos/projeto19-drivenpass/src/routes/securityNotesRoutes.ts": {"path":"/home/duda/Projetos/projeto19-drivenpass/src/routes/securityNotesRoutes.ts","statementMap":{"0":{"start":{"line":1,"column":0},"end":{"line":1,"column":33}},"1":{"start":{"line":2,"column":0},"end":{"line":2,"column":133}},"2":{"start":{"line":3,"column":0},"end":{"line":3,"column":63}},"3":{"start":{"line":4,"column":0},"end":{"line":4,"column":67}},"4":{"start":{"line":5,"column":28},"end":{"line":5,"column":36}},"5":{"start":{"line":6,"column":0},"end":{"line":6,"column":77}},"6":{"start":{"line":8,"column":0},"end":{"line":8,"column":null}},"7":{"start":{"line":10,"column":0},"end":{"line":10,"column":98}},"8":{"start":{"line":11,"column":0},"end":{"line":11,"column":null}},"9":{"start":{"line":12,"column":0},"end":{"line":12,"column":null}},"10":{"start":{"line":13,"column":0},"end":{"line":13,"column":null}},"11":{"start":{"line":15,"column":0},"end":{"line":15,"column":35}}},"fnMap":{},"branchMap":{},"s":{"0":3,"1":3,"2":3,"3":3,"4":3,"5":3,"6":3,"7":3,"8":3,"9":3,"10":3,"11":3},"f":{},"b":{}}
,"/home/duda/Projetos/projeto19-drivenpass/src/routes/wifisRouter.ts": {"path":"/home/duda/Projetos/projeto19-drivenpass/src/routes/wifisRouter.ts","statementMap":{"0":{"start":{"line":1,"column":0},"end":{"line":1,"column":33}},"1":{"start":{"line":2,"column":0},"end":{"line":2,"column":93}},"2":{"start":{"line":3,"column":0},"end":{"line":3,"column":63}},"3":{"start":{"line":4,"column":0},"end":{"line":4,"column":51}},"4":{"start":{"line":5,"column":20},"end":{"line":5,"column":28}},"5":{"start":{"line":6,"column":0},"end":{"line":6,"column":77}},"6":{"start":{"line":8,"column":0},"end":{"line":8,"column":null}},"7":{"start":{"line":10,"column":0},"end":{"line":10,"column":66}},"8":{"start":{"line":11,"column":0},"end":{"line":11,"column":null}},"9":{"start":{"line":12,"column":0},"end":{"line":12,"column":null}},"10":{"start":{"line":13,"column":0},"end":{"line":13,"column":null}},"11":{"start":{"line":15,"column":0},"end":{"line":15,"column":27}}},"fnMap":{},"branchMap":{},"s":{"0":3,"1":3,"2":3,"3":3,"4":3,"5":3,"6":3,"7":3,"8":3,"9":3,"10":3,"11":3},"f":{},"b":{}}
,"/home/duda/Projetos/projeto19-drivenpass/src/schemas/cardsSchema.ts": {"path":"/home/duda/Projetos/projeto19-drivenpass/src/schemas/cardsSchema.ts","statementMap":{"0":{"start":{"line":1,"column":0},"end":{"line":1,"column":22}},"1":{"start":{"line":3,"column":13},"end":{"line":12,"column":3}}},"fnMap":{},"branchMap":{},"s":{"0":3,"1":3},"f":{},"b":{}}
,"/home/duda/Projetos/projeto19-drivenpass/src/schemas/credentialSchema.ts": {"path":"/home/duda/Projetos/projeto19-drivenpass/src/schemas/credentialSchema.ts","statementMap":{"0":{"start":{"line":1,"column":0},"end":{"line":1,"column":22}},"1":{"start":{"line":3,"column":13},"end":{"line":10,"column":3}}},"fnMap":{},"branchMap":{},"s":{"0":3,"1":3},"f":{},"b":{}}
,"/home/duda/Projetos/projeto19-drivenpass/src/schemas/securityNoteSchema.ts": {"path":"/home/duda/Projetos/projeto19-drivenpass/src/schemas/securityNoteSchema.ts","statementMap":{"0":{"start":{"line":1,"column":0},"end":{"line":1,"column":22}},"1":{"start":{"line":3,"column":13},"end":{"line":6,"column":3}}},"fnMap":{},"branchMap":{},"s":{"0":3,"1":3},"f":{},"b":{}}
,"/home/duda/Projetos/projeto19-drivenpass/src/schemas/signUpSchema.ts": {"path":"/home/duda/Projetos/projeto19-drivenpass/src/schemas/signUpSchema.ts","statementMap":{"0":{"start":{"line":1,"column":0},"end":{"line":1,"column":22}},"1":{"start":{"line":3,"column":13},"end":{"line":6,"column":3}}},"fnMap":{},"branchMap":{},"s":{"0":5,"1":5},"f":{},"b":{}}
,"/home/duda/Projetos/projeto19-drivenpass/src/schemas/wifiSchema.ts": {"path":"/home/duda/Projetos/projeto19-drivenpass/src/schemas/wifiSchema.ts","statementMap":{"0":{"start":{"line":1,"column":0},"end":{"line":1,"column":22}},"1":{"start":{"line":3,"column":13},"end":{"line":6,"column":3}}},"fnMap":{},"branchMap":{},"s":{"0":3,"1":3},"f":{},"b":{}}
,"/home/duda/Projetos/projeto19-drivenpass/src/services/authService.ts": {"path":"/home/duda/Projetos/projeto19-drivenpass/src/services/authService.ts","statementMap":{"0":{"start":{"line":2,"column":0},"end":{"line":2,"column":28}},"1":{"start":{"line":3,"column":0},"end":{"line":3,"column":31}},"2":{"start":{"line":4,"column":0},"end":{"line":4,"column":88}},"3":{"start":{"line":8,"column":18},"end":{"line":8,"column":42}},"4":{"start":{"line":10,"column":2},"end":{"line":12,"column":null}},"5":{"start":{"line":11,"column":4},"end":{"line":11,"column":null}},"6":{"start":{"line":14,"column":30},"end":{"line":14,"column":59}},"7":{"start":{"line":16,"column":19},"end":{"line":19,"column":null}},"8":{"start":{"line":21,"column":1},"end":{"line":21,"column":null}},"9":{"start":{"line":6,"column":0},"end":{"line":6,"column":7}},"10":{"start":{"line":27,"column":15},"end":{"line":27,"column":39}},"11":{"start":{"line":29,"column":2},"end":{"line":31,"column":null}},"12":{"start":{"line":30,"column":4},"end":{"line":30,"column":null}},"13":{"start":{"line":33,"column":2},"end":{"line":48,"column":null}},"14":{"start":{"line":35,"column":25},"end":{"line":37,"column":null}},"15":{"start":{"line":40,"column":21},"end":{"line":42,"column":null}},"16":{"start":{"line":44,"column":4},"end":{"line":44,"column":34}},"17":{"start":{"line":45,"column":4},"end":{"line":45,"column":null}},"18":{"start":{"line":47,"column":4},"end":{"line":47,"column":null}},"19":{"start":{"line":25,"column":0},"end":{"line":25,"column":7}}},"fnMap":{"0":{"name":"signUp","decl":{"start":{"line":6,"column":22},"end":{"line":6,"column":28}},"loc":{"start":{"line":6,"column":57},"end":{"line":23,"column":1}}},"1":{"name":"signIn","decl":{"start":{"line":25,"column":22},"end":{"line":25,"column":28}},"loc":{"start":{"line":25,"column":57},"end":{"line":50,"column":1}}}},"branchMap":{"0":{"loc":{"start":{"line":10,"column":2},"end":{"line":12,"column":null}},"type":"if","locations":[{"start":{"line":10,"column":2},"end":{"line":12,"column":null}}]},"1":{"loc":{"start":{"line":29,"column":2},"end":{"line":31,"column":null}},"type":"if","locations":[{"start":{"line":29,"column":2},"end":{"line":31,"column":null}}]},"2":{"loc":{"start":{"line":33,"column":2},"end":{"line":48,"column":null}},"type":"if","locations":[{"start":{"line":33,"column":2},"end":{"line":48,"column":null}},{"start":{"line":46,"column":7},"end":{"line":48,"column":null}}]}},"s":{"0":3,"1":3,"2":3,"3":0,"4":0,"5":0,"6":0,"7":0,"8":0,"9":3,"10":5,"11":5,"12":1,"13":4,"14":3,"15":3,"16":3,"17":3,"18":1,"19":3},"f":{"0":0,"1":5},"b":{"0":[0],"1":[1],"2":[3,1]}}
,"/home/duda/Projetos/projeto19-drivenpass/src/services/cardsService.ts": {"path":"/home/duda/Projetos/projeto19-drivenpass/src/services/cardsService.ts","statementMap":{"0":{"start":{"line":1,"column":0},"end":{"line":1,"column":122}},"1":{"start":{"line":2,"column":0},"end":{"line":2,"column":62}},"2":{"start":{"line":3,"column":0},"end":{"line":3,"column":28}},"3":{"start":{"line":7,"column":15},"end":{"line":7,"column":45}},"4":{"start":{"line":8,"column":16},"end":{"line":8,"column":61}},"5":{"start":{"line":9,"column":18},"end":{"line":9,"column":43}},"6":{"start":{"line":10,"column":2},"end":{"line":12,"column":null}},"7":{"start":{"line":11,"column":4},"end":{"line":11,"column":null}},"8":{"start":{"line":13,"column":2},"end":{"line":15,"column":null}},"9":{"start":{"line":14,"column":4},"end":{"line":14,"column":null}},"10":{"start":{"line":17,"column":17},"end":{"line":17,"column":51}},"11":{"start":{"line":18,"column":18},"end":{"line":18,"column":47}},"12":{"start":{"line":19,"column":13},"end":{"line":19,"column":37}},"13":{"start":{"line":20,"column":2},"end":{"line":20,"column":28}},"14":{"start":{"line":21,"column":2},"end":{"line":21,"column":18}},"15":{"start":{"line":22,"column":2},"end":{"line":22,"column":21}},"16":{"start":{"line":24,"column":17},"end":{"line":24,"column":21}},"17":{"start":{"line":25,"column":2},"end":{"line":25,"column":null}},"18":{"start":{"line":6,"column":0},"end":{"line":6,"column":7}},"19":{"start":{"line":30,"column":15},"end":{"line":30,"column":45}},"20":{"start":{"line":31,"column":16},"end":{"line":31,"column":34}},"21":{"start":{"line":33,"column":2},"end":{"line":35,"column":null}},"22":{"start":{"line":34,"column":4},"end":{"line":34,"column":null}},"23":{"start":{"line":36,"column":2},"end":{"line":38,"column":null}},"24":{"start":{"line":37,"column":4},"end":{"line":37,"column":null}},"25":{"start":{"line":40,"column":17},"end":{"line":40,"column":51}},"26":{"start":{"line":41,"column":24},"end":{"line":41,"column":55}},"27":{"start":{"line":42,"column":23},"end":{"line":42,"column":49}},"28":{"start":{"line":43,"column":2},"end":{"line":43,"column":38}},"29":{"start":{"line":44,"column":2},"end":{"line":44,"column":32}},"30":{"start":{"line":47,"column":2},"end":{"line":47,"column":null}},"31":{"start":{"line":29,"column":1},"end":{"line":29,"column":8}},"32":{"start":{"line":51,"column":15},"end":{"line":51,"column":45}},"33":{"start":{"line":52,"column":17},"end":{"line":52,"column":35}},"34":{"start":{"line":53,"column":17},"end":{"line":53,"column":51}},"35":{"start":{"line":54,"column":19},"end":{"line":60,"column":4}},"36":{"start":{"line":55,"column":26},"end":{"line":55,"column":55}},"37":{"start":{"line":56,"column":25},"end":{"line":56,"column":49}},"38":{"start":{"line":57,"column":4},"end":{"line":57,"column":38}},"39":{"start":{"line":58,"column":4},"end":{"line":58,"column":32}},"40":{"start":{"line":59,"column":4},"end":{"line":59,"column":16}},"41":{"start":{"line":61,"column":2},"end":{"line":61,"column":null}},"42":{"start":{"line":50,"column":1},"end":{"line":50,"column":8}},"43":{"start":{"line":65,"column":15},"end":{"line":65,"column":45}},"44":{"start":{"line":66,"column":16},"end":{"line":66,"column":34}},"45":{"start":{"line":67,"column":2},"end":{"line":69,"column":null}},"46":{"start":{"line":68,"column":4},"end":{"line":68,"column":null}},"47":{"start":{"line":70,"column":2},"end":{"line":72,"column":null}},"48":{"start":{"line":71,"column":4},"end":{"line":71,"column":null}},"49":{"start":{"line":73,"column":2},"end":{"line":73,"column":23}},"50":{"start":{"line":64,"column":1},"end":{"line":64,"column":8}}},"fnMap":{"0":{"name":"createCards","decl":{"start":{"line":6,"column":22},"end":{"line":6,"column":33}},"loc":{"start":{"line":6,"column":59},"end":{"line":27,"column":2}}},"1":{"name":"getCardId","decl":{"start":{"line":29,"column":23},"end":{"line":29,"column":32}},"loc":{"start":{"line":29,"column":55},"end":{"line":48,"column":2}}},"2":{"name":"getCards","decl":{"start":{"line":50,"column":23},"end":{"line":50,"column":31}},"loc":{"start":{"line":50,"column":44},"end":{"line":62,"column":2}}},"3":{"name":"(anonymous_4)","decl":{"start":{"line":54,"column":30},"end":{"line":54,"column":31}},"loc":{"start":{"line":54,"column":43},"end":{"line":60,"column":3}}},"4":{"name":"deleteCard","decl":{"start":{"line":64,"column":23},"end":{"line":64,"column":33}},"loc":{"start":{"line":64,"column":56},"end":{"line":74,"column":2}}}},"branchMap":{"0":{"loc":{"start":{"line":10,"column":2},"end":{"line":12,"column":null}},"type":"if","locations":[{"start":{"line":10,"column":2},"end":{"line":12,"column":null}}]},"1":{"loc":{"start":{"line":13,"column":2},"end":{"line":15,"column":null}},"type":"if","locations":[{"start":{"line":13,"column":2},"end":{"line":15,"column":null}}]},"2":{"loc":{"start":{"line":33,"column":2},"end":{"line":35,"column":null}},"type":"if","locations":[{"start":{"line":33,"column":2},"end":{"line":35,"column":null}}]},"3":{"loc":{"start":{"line":36,"column":2},"end":{"line":38,"column":null}},"type":"if","locations":[{"start":{"line":36,"column":2},"end":{"line":38,"column":null}}]},"4":{"loc":{"start":{"line":67,"column":2},"end":{"line":69,"column":null}},"type":"if","locations":[{"start":{"line":67,"column":2},"end":{"line":69,"column":null}}]},"5":{"loc":{"start":{"line":70,"column":2},"end":{"line":72,"column":null}},"type":"if","locations":[{"start":{"line":70,"column":2},"end":{"line":72,"column":null}}]}},"s":{"0":3,"1":3,"2":3,"3":0,"4":0,"5":0,"6":0,"7":0,"8":0,"9":0,"10":0,"11":0,"12":0,"13":0,"14":0,"15":0,"16":0,"17":0,"18":3,"19":0,"20":0,"21":0,"22":0,"23":0,"24":0,"25":0,"26":0,"27":0,"28":0,"29":0,"30":0,"31":3,"32":0,"33":0,"34":0,"35":0,"36":0,"37":0,"38":0,"39":0,"40":0,"41":0,"42":3,"43":0,"44":0,"45":0,"46":0,"47":0,"48":0,"49":0,"50":3},"f":{"0":0,"1":0,"2":0,"3":0,"4":0},"b":{"0":[0],"1":[0],"2":[0],"3":[0],"4":[0],"5":[0]}}
,"/home/duda/Projetos/projeto19-drivenpass/src/services/credentialService.ts": {"path":"/home/duda/Projetos/projeto19-drivenpass/src/services/credentialService.ts","statementMap":{"0":{"start":{"line":1,"column":0},"end":{"line":1,"column":123}},"1":{"start":{"line":2,"column":0},"end":{"line":2,"column":62}},"2":{"start":{"line":3,"column":0},"end":{"line":3,"column":28}},"3":{"start":{"line":6,"column":15},"end":{"line":6,"column":45}},"4":{"start":{"line":7,"column":16},"end":{"line":7,"column":56}},"5":{"start":{"line":9,"column":2},"end":{"line":11,"column":null}},"6":{"start":{"line":10,"column":4},"end":{"line":10,"column":null}},"7":{"start":{"line":13,"column":17},"end":{"line":13,"column":51}},"8":{"start":{"line":14,"column":18},"end":{"line":14,"column":45}},"9":{"start":{"line":16,"column":17},"end":{"line":22,"column":null}},"10":{"start":{"line":23,"column":2},"end":{"line":23,"column":null}},"11":{"start":{"line":5,"column":0},"end":{"line":5,"column":7}},"12":{"start":{"line":28,"column":15},"end":{"line":28,"column":45}},"13":{"start":{"line":29,"column":16},"end":{"line":29,"column":34}},"14":{"start":{"line":31,"column":2},"end":{"line":33,"column":null}},"15":{"start":{"line":32,"column":4},"end":{"line":32,"column":null}},"16":{"start":{"line":34,"column":2},"end":{"line":36,"column":null}},"17":{"start":{"line":35,"column":4},"end":{"line":35,"column":null}},"18":{"start":{"line":37,"column":17},"end":{"line":37,"column":51}},"19":{"start":{"line":38,"column":24},"end":{"line":38,"column":55}},"20":{"start":{"line":39,"column":2},"end":{"line":39,"column":38}},"21":{"start":{"line":42,"column":2},"end":{"line":42,"column":null}},"22":{"start":{"line":27,"column":1},"end":{"line":27,"column":8}},"23":{"start":{"line":46,"column":15},"end":{"line":46,"column":45}},"24":{"start":{"line":48,"column":17},"end":{"line":48,"column":35}},"25":{"start":{"line":49,"column":17},"end":{"line":49,"column":51}},"26":{"start":{"line":51,"column":15},"end":{"line":56,"column":4}},"27":{"start":{"line":52,"column":26},"end":{"line":52,"column":55}},"28":{"start":{"line":53,"column":4},"end":{"line":53,"column":null}},"29":{"start":{"line":54,"column":4},"end":{"line":54,"column":16}},"30":{"start":{"line":58,"column":2},"end":{"line":58,"column":null}},"31":{"start":{"line":45,"column":1},"end":{"line":45,"column":8}},"32":{"start":{"line":62,"column":15},"end":{"line":62,"column":45}},"33":{"start":{"line":63,"column":16},"end":{"line":63,"column":34}},"34":{"start":{"line":64,"column":2},"end":{"line":66,"column":null}},"35":{"start":{"line":65,"column":4},"end":{"line":65,"column":null}},"36":{"start":{"line":68,"column":2},"end":{"line":70,"column":null}},"37":{"start":{"line":69,"column":4},"end":{"line":69,"column":null}},"38":{"start":{"line":71,"column":2},"end":{"line":71,"column":23}},"39":{"start":{"line":61,"column":1},"end":{"line":61,"column":8}}},"fnMap":{"0":{"name":"createCredential","decl":{"start":{"line":5,"column":22},"end":{"line":5,"column":38}},"loc":{"start":{"line":5,"column":106},"end":{"line":25,"column":2}}},"1":{"name":"getCredentialId","decl":{"start":{"line":27,"column":23},"end":{"line":27,"column":38}},"loc":{"start":{"line":27,"column":61},"end":{"line":43,"column":2}}},"2":{"name":"getCredentials","decl":{"start":{"line":45,"column":23},"end":{"line":45,"column":37}},"loc":{"start":{"line":45,"column":50},"end":{"line":59,"column":2}}},"3":{"name":"(anonymous_4)","decl":{"start":{"line":51,"column":26},"end":{"line":51,"column":27}},"loc":{"start":{"line":51,"column":39},"end":{"line":56,"column":3}}},"4":{"name":"deleteCredential","decl":{"start":{"line":61,"column":23},"end":{"line":61,"column":39}},"loc":{"start":{"line":61,"column":62},"end":{"line":72,"column":2}}}},"branchMap":{"0":{"loc":{"start":{"line":9,"column":2},"end":{"line":11,"column":null}},"type":"if","locations":[{"start":{"line":9,"column":2},"end":{"line":11,"column":null}}]},"1":{"loc":{"start":{"line":31,"column":2},"end":{"line":33,"column":null}},"type":"if","locations":[{"start":{"line":31,"column":2},"end":{"line":33,"column":null}}]},"2":{"loc":{"start":{"line":34,"column":2},"end":{"line":36,"column":null}},"type":"if","locations":[{"start":{"line":34,"column":2},"end":{"line":36,"column":null}}]},"3":{"loc":{"start":{"line":64,"column":2},"end":{"line":66,"column":null}},"type":"if","locations":[{"start":{"line":64,"column":2},"end":{"line":66,"column":null}}]},"4":{"loc":{"start":{"line":68,"column":2},"end":{"line":70,"column":null}},"type":"if","locations":[{"start":{"line":68,"column":2},"end":{"line":70,"column":null}}]}},"s":{"0":3,"1":3,"2":3,"3":1,"4":1,"5":1,"6":0,"7":1,"8":1,"9":1,"10":1,"11":3,"12":3,"13":3,"14":3,"15":1,"16":2,"17":1,"18":1,"19":1,"20":1,"21":1,"22":3,"23":1,"24":1,"25":1,"26":1,"27":1,"28":1,"29":1,"30":1,"31":3,"32":3,"33":3,"34":3,"35":1,"36":2,"37":1,"38":1,"39":3},"f":{"0":1,"1":3,"2":1,"3":1,"4":3},"b":{"0":[0],"1":[1],"2":[1],"3":[1],"4":[1]}}
,"/home/duda/Projetos/projeto19-drivenpass/src/services/securityNotesService.ts": {"path":"/home/duda/Projetos/projeto19-drivenpass/src/services/securityNotesService.ts","statementMap":{"0":{"start":{"line":2,"column":0},"end":{"line":2,"column":62}},"1":{"start":{"line":3,"column":0},"end":{"line":3,"column":127}},"2":{"start":{"line":6,"column":15},"end":{"line":6,"column":45}},"3":{"start":{"line":7,"column":16},"end":{"line":7,"column":56}},"4":{"start":{"line":9,"column":2},"end":{"line":11,"column":null}},"5":{"start":{"line":10,"column":4},"end":{"line":10,"column":null}},"6":{"start":{"line":13,"column":17},"end":{"line":17,"column":null}},"7":{"start":{"line":18,"column":2},"end":{"line":18,"column":null}},"8":{"start":{"line":5,"column":0},"end":{"line":5,"column":7}},"9":{"start":{"line":23,"column":15},"end":{"line":23,"column":45}},"10":{"start":{"line":24,"column":16},"end":{"line":24,"column":34}},"11":{"start":{"line":26,"column":2},"end":{"line":28,"column":null}},"12":{"start":{"line":27,"column":4},"end":{"line":27,"column":null}},"13":{"start":{"line":29,"column":2},"end":{"line":31,"column":null}},"14":{"start":{"line":30,"column":4},"end":{"line":30,"column":null}},"15":{"start":{"line":34,"column":2},"end":{"line":34,"column":null}},"16":{"start":{"line":22,"column":1},"end":{"line":22,"column":8}},"17":{"start":{"line":38,"column":15},"end":{"line":38,"column":45}},"18":{"start":{"line":39,"column":17},"end":{"line":39,"column":35}},"19":{"start":{"line":40,"column":2},"end":{"line":40,"column":null}},"20":{"start":{"line":37,"column":1},"end":{"line":37,"column":8}},"21":{"start":{"line":44,"column":15},"end":{"line":44,"column":45}},"22":{"start":{"line":45,"column":16},"end":{"line":45,"column":34}},"23":{"start":{"line":46,"column":2},"end":{"line":48,"column":null}},"24":{"start":{"line":47,"column":4},"end":{"line":47,"column":null}},"25":{"start":{"line":49,"column":2},"end":{"line":51,"column":null}},"26":{"start":{"line":50,"column":4},"end":{"line":50,"column":null}},"27":{"start":{"line":52,"column":2},"end":{"line":52,"column":23}},"28":{"start":{"line":43,"column":1},"end":{"line":43,"column":8}}},"fnMap":{"0":{"name":"createSecurityNote","decl":{"start":{"line":5,"column":22},"end":{"line":5,"column":40}},"loc":{"start":{"line":5,"column":78},"end":{"line":20,"column":2}}},"1":{"name":"getSecurityNoteId","decl":{"start":{"line":22,"column":23},"end":{"line":22,"column":40}},"loc":{"start":{"line":22,"column":63},"end":{"line":35,"column":2}}},"2":{"name":"getSecurityNotes","decl":{"start":{"line":37,"column":23},"end":{"line":37,"column":39}},"loc":{"start":{"line":37,"column":52},"end":{"line":41,"column":2}}},"3":{"name":"deleteSecurityNote","decl":{"start":{"line":43,"column":23},"end":{"line":43,"column":41}},"loc":{"start":{"line":43,"column":64},"end":{"line":53,"column":2}}}},"branchMap":{"0":{"loc":{"start":{"line":9,"column":2},"end":{"line":11,"column":null}},"type":"if","locations":[{"start":{"line":9,"column":2},"end":{"line":11,"column":null}}]},"1":{"loc":{"start":{"line":26,"column":2},"end":{"line":28,"column":null}},"type":"if","locations":[{"start":{"line":26,"column":2},"end":{"line":28,"column":null}}]},"2":{"loc":{"start":{"line":29,"column":2},"end":{"line":31,"column":null}},"type":"if","locations":[{"start":{"line":29,"column":2},"end":{"line":31,"column":null}}]},"3":{"loc":{"start":{"line":46,"column":2},"end":{"line":48,"column":null}},"type":"if","locations":[{"start":{"line":46,"column":2},"end":{"line":48,"column":null}}]},"4":{"loc":{"start":{"line":49,"column":2},"end":{"line":51,"column":null}},"type":"if","locations":[{"start":{"line":49,"column":2},"end":{"line":51,"column":null}}]}},"s":{"0":3,"1":3,"2":0,"3":0,"4":0,"5":0,"6":0,"7":0,"8":3,"9":0,"10":0,"11":0,"12":0,"13":0,"14":0,"15":0,"16":3,"17":0,"18":0,"19":0,"20":3,"21":0,"22":0,"23":0,"24":0,"25":0,"26":0,"27":0,"28":3},"f":{"0":0,"1":0,"2":0,"3":0},"b":{"0":[0],"1":[0],"2":[0],"3":[0],"4":[0]}}
,"/home/duda/Projetos/projeto19-drivenpass/src/services/wifiService.ts": {"path":"/home/duda/Projetos/projeto19-drivenpass/src/services/wifiService.ts","statementMap":{"0":{"start":{"line":1,"column":0},"end":{"line":1,"column":110}},"1":{"start":{"line":2,"column":0},"end":{"line":2,"column":62}},"2":{"start":{"line":3,"column":0},"end":{"line":3,"column":28}},"3":{"start":{"line":6,"column":15},"end":{"line":6,"column":45}},"4":{"start":{"line":7,"column":16},"end":{"line":7,"column":54}},"5":{"start":{"line":9,"column":2},"end":{"line":11,"column":null}},"6":{"start":{"line":10,"column":4},"end":{"line":10,"column":null}},"7":{"start":{"line":13,"column":17},"end":{"line":13,"column":51}},"8":{"start":{"line":14,"column":18},"end":{"line":14,"column":45}},"9":{"start":{"line":16,"column":17},"end":{"line":20,"column":null}},"10":{"start":{"line":21,"column":2},"end":{"line":21,"column":null}},"11":{"start":{"line":5,"column":0},"end":{"line":5,"column":7}},"12":{"start":{"line":26,"column":15},"end":{"line":26,"column":45}},"13":{"start":{"line":27,"column":16},"end":{"line":27,"column":34}},"14":{"start":{"line":29,"column":2},"end":{"line":31,"column":null}},"15":{"start":{"line":30,"column":4},"end":{"line":30,"column":null}},"16":{"start":{"line":32,"column":2},"end":{"line":34,"column":null}},"17":{"start":{"line":33,"column":4},"end":{"line":33,"column":null}},"18":{"start":{"line":35,"column":17},"end":{"line":35,"column":51}},"19":{"start":{"line":36,"column":24},"end":{"line":36,"column":55}},"20":{"start":{"line":37,"column":2},"end":{"line":37,"column":38}},"21":{"start":{"line":40,"column":2},"end":{"line":40,"column":null}},"22":{"start":{"line":25,"column":1},"end":{"line":25,"column":8}},"23":{"start":{"line":44,"column":15},"end":{"line":44,"column":45}},"24":{"start":{"line":45,"column":17},"end":{"line":45,"column":35}},"25":{"start":{"line":46,"column":17},"end":{"line":46,"column":51}},"26":{"start":{"line":47,"column":19},"end":{"line":51,"column":4}},"27":{"start":{"line":48,"column":26},"end":{"line":48,"column":55}},"28":{"start":{"line":49,"column":4},"end":{"line":49,"column":null}},"29":{"start":{"line":50,"column":4},"end":{"line":50,"column":16}},"30":{"start":{"line":52,"column":2},"end":{"line":52,"column":null}},"31":{"start":{"line":43,"column":1},"end":{"line":43,"column":8}},"32":{"start":{"line":56,"column":15},"end":{"line":56,"column":45}},"33":{"start":{"line":57,"column":16},"end":{"line":57,"column":34}},"34":{"start":{"line":58,"column":2},"end":{"line":60,"column":null}},"35":{"start":{"line":59,"column":4},"end":{"line":59,"column":null}},"36":{"start":{"line":61,"column":2},"end":{"line":63,"column":null}},"37":{"start":{"line":62,"column":4},"end":{"line":62,"column":null}},"38":{"start":{"line":64,"column":2},"end":{"line":64,"column":23}},"39":{"start":{"line":55,"column":1},"end":{"line":55,"column":8}}},"fnMap":{"0":{"name":"createWifi","decl":{"start":{"line":5,"column":22},"end":{"line":5,"column":32}},"loc":{"start":{"line":5,"column":76},"end":{"line":23,"column":2}}},"1":{"name":"getWifiId","decl":{"start":{"line":25,"column":23},"end":{"line":25,"column":32}},"loc":{"start":{"line":25,"column":55},"end":{"line":41,"column":2}}},"2":{"name":"getWifis","decl":{"start":{"line":43,"column":23},"end":{"line":43,"column":31}},"loc":{"start":{"line":43,"column":44},"end":{"line":53,"column":2}}},"3":{"name":"(anonymous_4)","decl":{"start":{"line":47,"column":30},"end":{"line":47,"column":31}},"loc":{"start":{"line":47,"column":43},"end":{"line":51,"column":3}}},"4":{"name":"deleteWifi","decl":{"start":{"line":55,"column":23},"end":{"line":55,"column":33}},"loc":{"start":{"line":55,"column":56},"end":{"line":65,"column":2}}}},"branchMap":{"0":{"loc":{"start":{"line":9,"column":2},"end":{"line":11,"column":null}},"type":"if","locations":[{"start":{"line":9,"column":2},"end":{"line":11,"column":null}}]},"1":{"loc":{"start":{"line":29,"column":2},"end":{"line":31,"column":null}},"type":"if","locations":[{"start":{"line":29,"column":2},"end":{"line":31,"column":null}}]},"2":{"loc":{"start":{"line":32,"column":2},"end":{"line":34,"column":null}},"type":"if","locations":[{"start":{"line":32,"column":2},"end":{"line":34,"column":null}}]},"3":{"loc":{"start":{"line":58,"column":2},"end":{"line":60,"column":null}},"type":"if","locations":[{"start":{"line":58,"column":2},"end":{"line":60,"column":null}}]},"4":{"loc":{"start":{"line":61,"column":2},"end":{"line":63,"column":null}},"type":"if","locations":[{"start":{"line":61,"column":2},"end":{"line":63,"column":null}}]}},"s":{"0":3,"1":3,"2":3,"3":1,"4":1,"5":1,"6":0,"7":1,"8":1,"9":1,"10":1,"11":3,"12":3,"13":3,"14":3,"15":1,"16":2,"17":1,"18":1,"19":1,"20":1,"21":1,"22":3,"23":1,"24":1,"25":1,"26":1,"27":1,"28":1,"29":1,"30":1,"31":3,"32":3,"33":3,"34":3,"35":1,"36":2,"37":1,"38":1,"39":3},"f":{"0":1,"1":3,"2":1,"3":1,"4":3},"b":{"0":[0],"1":[1],"2":[1],"3":[1],"4":[1]}}
,"/home/duda/Projetos/projeto19-drivenpass/src/utils/authVerification.ts": {"path":"/home/duda/Projetos/projeto19-drivenpass/src/utils/authVerification.ts","statementMap":{"0":{"start":{"line":2,"column":0},"end":{"line":2,"column":61}},"1":{"start":{"line":6,"column":18},"end":{"line":6,"column":42}},"2":{"start":{"line":8,"column":2},"end":{"line":10,"column":null}},"3":{"start":{"line":9,"column":4},"end":{"line":9,"column":null}},"4":{"start":{"line":12,"column":2},"end":{"line":12,"column":null}},"5":{"start":{"line":4,"column":0},"end":{"line":4,"column":7}}},"fnMap":{"0":{"name":"authenticateToken","decl":{"start":{"line":4,"column":22},"end":{"line":4,"column":39}},"loc":{"start":{"line":4,"column":52},"end":{"line":14,"column":1}}}},"branchMap":{"0":{"loc":{"start":{"line":8,"column":2},"end":{"line":10,"column":null}},"type":"if","locations":[{"start":{"line":8,"column":2},"end":{"line":10,"column":null}}]}},"s":{"0":3,"1":16,"2":16,"3":0,"4":16,"5":3},"f":{"0":16},"b":{"0":[0]}}
}
