TN:
SF:src/app.ts
FN:23,init
FN:28,close
FNF:2
FNH:1
FNDA:4,init
FNDA:0,close
DA:2,4
DA:4,4
DA:6,4
DA:7,4
DA:8,4
DA:9,4
DA:10,4
DA:11,4
DA:13,4
DA:15,4
DA:16,4
DA:17,4
DA:18,4
DA:19,4
DA:23,4
DA:24,4
DA:25,4
DA:28,4
DA:29,0
DA:32,4
LF:20
LH:19
BRF:0
BRH:0
end_of_record
TN:
SF:src/server.ts
FN:5,(anonymous_6)
FN:6,(anonymous_7)
FNF:2
FNH:0
FNDA:0,(anonymous_6)
FNDA:0,(anonymous_7)
DA:1,0
DA:3,0
DA:5,0
DA:6,0
DA:8,0
LF:5
LH:0
BRDA:3,0,0,0
BRDA:3,0,1,0
BRF:2
BRH:0
end_of_record
TN:
SF:src/config/envs.ts
FN:4,loadEnv
FNF:1
FNH:1
FNDA:10,loadEnv
DA:1,6
DA:2,6
DA:4,6
DA:6,10
DA:12,10
DA:13,10
LF:6
LH:6
BRDA:6,0,0,10
BRDA:6,0,1,0
BRDA:8,1,0,0
BRDA:8,1,1,0
BRF:4
BRH:1
end_of_record
TN:
SF:src/config/index.ts
FNF:0
FNH:0
DA:1,6
DA:2,6
LF:2
LH:2
BRF:0
BRH:0
end_of_record
TN:
SF:src/config/prisma.ts
FN:6,connectDb
FN:10,disconnectDB
FNF:2
FNH:1
FNDA:4,connectDb
FNDA:0,disconnectDB
DA:3,6
DA:6,6
DA:7,4
DA:10,6
DA:11,0
LF:5
LH:4
BRF:0
BRH:0
end_of_record
TN:
SF:src/controllers/authController.ts
FN:5,signUp
FN:15,signIn
FNF:2
FNH:2
FNDA:3,signUp
FNDA:5,signIn
DA:2,4
DA:5,4
DA:7,3
DA:10,3
DA:12,2
DA:15,4
DA:16,5
DA:18,5
DA:20,3
LF:9
LH:9
BRF:0
BRH:0
end_of_record
TN:
SF:src/controllers/cardsController.ts
FN:6,createCards
FN:15,getCardId
FN:24,getCards
FN:31,deleteCard
FNF:4
FNH:0
FNDA:0,createCards
FNDA:0,getCardId
FNDA:0,getCards
FNDA:0,deleteCard
DA:2,4
DA:6,4
DA:7,0
DA:8,0
DA:9,0
DA:10,0
DA:12,0
DA:15,4
DA:16,0
DA:17,0
DA:18,0
DA:19,0
DA:21,0
DA:24,4
DA:25,0
DA:26,0
DA:27,0
DA:28,0
DA:31,4
DA:32,0
DA:33,0
DA:34,0
DA:35,0
DA:36,0
LF:24
LH:5
BRDA:9,0,0,0
BRDA:9,0,1,0
BRDA:17,1,0,0
BRDA:17,1,1,0
BRDA:26,2,0,0
BRDA:26,2,1,0
BRDA:33,3,0,0
BRDA:33,3,1,0
BRF:8
BRH:0
end_of_record
TN:
SF:src/controllers/credentialController.ts
FN:6,createCredential
FN:16,getCredentialId
FN:25,getCredentials
FN:32,deleteCredential
FNF:4
FNH:4
FNDA:1,createCredential
FNDA:3,getCredentialId
FNDA:1,getCredentials
FNDA:3,deleteCredential
DA:2,4
DA:6,4
DA:8,1
DA:9,1
DA:10,1
DA:11,1
DA:13,1
DA:16,4
DA:17,3
DA:18,3
DA:19,3
DA:20,3
DA:22,1
DA:25,4
DA:26,1
DA:27,1
DA:28,1
DA:29,1
DA:32,4
DA:33,3
DA:34,3
DA:35,3
DA:36,3
DA:37,1
LF:24
LH:24
BRDA:10,0,0,1
BRDA:10,0,1,1
BRDA:18,1,0,3
BRDA:18,1,1,3
BRDA:27,2,0,1
BRDA:27,2,1,1
BRDA:34,3,0,3
BRDA:34,3,1,3
BRF:8
BRH:8
end_of_record
TN:
SF:src/controllers/securityNotesController.ts
FN:6,createSecurityNote
FN:15,getSecurityNoteId
FN:24,getSecurityNotes
FN:31,deleteSecurityNote
FNF:4
FNH:0
FNDA:0,createSecurityNote
FNDA:0,getSecurityNoteId
FNDA:0,getSecurityNotes
FNDA:0,deleteSecurityNote
DA:2,4
DA:6,4
DA:7,0
DA:8,0
DA:9,0
DA:10,0
DA:12,0
DA:15,4
DA:16,0
DA:17,0
DA:18,0
DA:19,0
DA:21,0
DA:24,4
DA:25,0
DA:26,0
DA:27,0
DA:28,0
DA:31,4
DA:32,0
DA:33,0
DA:34,0
DA:35,0
DA:36,0
LF:24
LH:5
BRDA:9,0,0,0
BRDA:9,0,1,0
BRDA:17,1,0,0
BRDA:17,1,1,0
BRDA:26,2,0,0
BRDA:26,2,1,0
BRDA:33,3,0,0
BRDA:33,3,1,0
BRF:8
BRH:0
end_of_record
TN:
SF:src/controllers/wifisController.ts
FN:6,createWifi
FN:15,getWifiId
FN:24,getWifis
FN:31,deleteWifi
FNF:4
FNH:4
FNDA:1,createWifi
FNDA:3,getWifiId
FNDA:1,getWifis
FNDA:3,deleteWifi
DA:2,4
DA:6,4
DA:7,1
DA:8,1
DA:9,1
DA:10,1
DA:12,1
DA:15,4
DA:16,3
DA:17,3
DA:18,3
DA:19,3
DA:21,1
DA:24,4
DA:25,1
DA:26,1
DA:27,1
DA:28,1
DA:31,4
DA:32,3
DA:33,3
DA:34,3
DA:35,3
DA:36,1
LF:24
LH:24
BRDA:9,0,0,1
BRDA:9,0,1,1
BRDA:17,1,0,3
BRDA:17,1,1,3
BRDA:26,2,0,1
BRDA:26,2,1,1
BRDA:33,3,0,3
BRDA:33,3,1,3
BRF:8
BRH:8
end_of_record
TN:
SF:src/middlewares/authentication-middleware.ts
FN:7,authenticateToken
FN:31,generateUnauthorizedResponse
FNF:2
FNH:2
FNDA:51,authenticateToken
FNDA:24,generateUnauthorizedResponse
DA:3,4
DA:5,4
DA:7,4
DA:8,51
DA:9,51
DA:11,43
DA:13,43
DA:14,43
DA:16,35
DA:21,35
DA:23,27
DA:25,27
DA:27,8
DA:32,24
LF:14
LH:14
BRDA:9,0,0,8
BRDA:21,1,0,8
BRF:2
BRH:2
end_of_record
TN:
SF:src/middlewares/errorHandler.ts
FN:4,errorHandler
FNF:1
FNH:1
FNDA:17,errorHandler
DA:4,4
DA:5,17
DA:6,4
DA:8,13
DA:9,6
DA:11,7
DA:12,1
DA:14,6
DA:15,6
DA:17,0
DA:18,0
DA:21,0
LF:12
LH:9
BRDA:5,0,0,4
BRDA:8,1,0,6
BRDA:11,2,0,1
BRDA:14,3,0,6
BRDA:17,4,0,0
BRF:5
BRH:4
end_of_record
TN:
SF:src/middlewares/schemaValidate.ts
FN:4,validateSchema
FN:5,(anonymous_1)
FN:9,(anonymous_2)
FNF:3
FNH:3
FNDA:24,validateSchema
FNDA:16,(anonymous_1)
FNDA:15,(anonymous_2)
DA:4,4
DA:5,24
DA:7,16
DA:8,16
DA:9,6
DA:10,15
DA:11,6
DA:17,10
LF:8
LH:8
BRDA:8,0,0,6
BRF:1
BRH:1
end_of_record
TN:
SF:src/repositories/authRepository.ts
FN:4,findByEmail
FN:14,insertUser
FN:21,findUser
FN:29,insertSession
FN:35,findSession
FNF:5
FNH:4
FNDA:8,findByEmail
FNDA:2,insertUser
FNDA:0,findUser
FNDA:3,insertSession
FNDA:16,findSession
DA:1,4
DA:4,4
DA:5,8
DA:11,8
DA:14,4
DA:15,2
DA:21,4
DA:22,0
DA:26,0
DA:29,4
DA:30,3
DA:35,4
DA:36,16
DA:42,16
LF:14
LH:12
BRF:0
BRH:0
end_of_record
TN:
SF:src/repositories/cardsRepository.ts
FN:5,insertCards
FN:13,findByTitleandUserId
FN:24,findById
FN:34,find
FN:44,deleteById
FN:53,findType
FNF:6
FNH:0
FNDA:0,insertCards
FNDA:0,findByTitleandUserId
FNDA:0,findById
FNDA:0,find
FNDA:0,deleteById
FNDA:0,findType
DA:2,4
DA:5,4
DA:6,0
DA:10,0
DA:13,4
DA:14,0
DA:21,0
DA:24,4
DA:25,0
DA:31,0
DA:34,4
DA:35,0
DA:41,0
DA:44,4
DA:45,0
DA:53,4
DA:54,0
DA:60,0
LF:18
LH:7
BRF:0
BRH:0
end_of_record
TN:
SF:src/repositories/credentialsRepository.ts
FN:6,insertCredential
FN:14,findByTitleandUserId
FN:25,findById
FN:35,find
FN:45,deleteById
FNF:5
FNH:5
FNDA:1,insertCredential
FNDA:1,findByTitleandUserId
FNDA:6,findById
FNDA:1,find
FNDA:1,deleteById
DA:2,4
DA:6,4
DA:7,1
DA:11,1
DA:14,4
DA:15,1
DA:22,1
DA:25,4
DA:26,6
DA:32,6
DA:35,4
DA:36,1
DA:42,1
DA:45,4
DA:46,1
LF:15
LH:15
BRF:0
BRH:0
end_of_record
TN:
SF:src/repositories/securityNotesRepository.ts
FN:6,insertSecurityNote
FN:14,findByTitleandUserId
FN:25,findById
FN:35,find
FN:45,deleteById
FNF:5
FNH:0
FNDA:0,insertSecurityNote
FNDA:0,findByTitleandUserId
FNDA:0,findById
FNDA:0,find
FNDA:0,deleteById
DA:2,4
DA:6,4
DA:7,0
DA:11,0
DA:14,4
DA:15,0
DA:22,0
DA:25,4
DA:26,0
DA:32,0
DA:35,4
DA:36,0
DA:42,0
DA:45,4
DA:46,0
LF:15
LH:6
BRF:0
BRH:0
end_of_record
TN:
SF:src/repositories/wifisRepository.ts
FN:6,insertWifi
FN:14,findByNameandUserId
FN:25,findById
FN:35,find
FN:45,deleteById
FNF:5
FNH:5
FNDA:1,insertWifi
FNDA:1,findByNameandUserId
FNDA:6,findById
FNDA:1,find
FNDA:1,deleteById
DA:2,4
DA:6,4
DA:7,1
DA:11,1
DA:14,4
DA:15,1
DA:22,1
DA:25,4
DA:26,6
DA:32,6
DA:35,4
DA:36,1
DA:42,1
DA:45,4
DA:46,1
LF:15
LH:15
BRF:0
BRH:0
end_of_record
TN:
SF:src/routes/authRouter.ts
FNF:0
FNH:0
DA:1,4
DA:2,4
DA:3,4
DA:4,4
DA:5,4
DA:7,4
DA:8,4
DA:13,4
LF:8
LH:8
BRF:0
BRH:0
end_of_record
TN:
SF:src/routes/cardsRouter.ts
FNF:0
FNH:0
DA:1,4
DA:2,4
DA:3,4
DA:4,4
DA:5,4
DA:9,4
DA:10,4
DA:11,4
DA:12,4
DA:14,4
LF:10
LH:10
BRF:0
BRH:0
end_of_record
TN:
SF:src/routes/credentialsRouter.ts
FNF:0
FNH:0
DA:1,4
DA:2,4
DA:3,4
DA:4,4
DA:5,4
DA:6,4
DA:8,4
DA:10,4
DA:11,4
DA:12,4
DA:13,4
DA:15,4
LF:12
LH:12
BRF:0
BRH:0
end_of_record
TN:
SF:src/routes/index.ts
FNF:0
FNH:0
DA:1,4
DA:2,4
DA:3,4
DA:4,4
DA:5,4
DA:6,4
DA:8,4
DA:9,4
DA:10,4
DA:11,4
DA:12,4
DA:13,4
DA:15,4
LF:13
LH:13
BRF:0
BRH:0
end_of_record
TN:
SF:src/routes/securityNotesRoutes.ts
FNF:0
FNH:0
DA:1,4
DA:2,4
DA:3,4
DA:4,4
DA:5,4
DA:8,4
DA:9,4
DA:10,4
DA:11,4
DA:13,4
LF:10
LH:10
BRF:0
BRH:0
end_of_record
TN:
SF:src/routes/wifisRouter.ts
FNF:0
FNH:0
DA:1,4
DA:2,4
DA:3,4
DA:4,4
DA:5,4
DA:6,4
DA:8,4
DA:10,4
DA:11,4
DA:12,4
DA:13,4
DA:15,4
LF:12
LH:12
BRF:0
BRH:0
end_of_record
TN:
SF:src/schemas/cardsSchema.ts
FNF:0
FNH:0
DA:1,4
DA:3,4
LF:2
LH:2
BRF:0
BRH:0
end_of_record
TN:
SF:src/schemas/credentialSchema.ts
FNF:0
FNH:0
DA:1,4
DA:3,4
LF:2
LH:2
BRF:0
BRH:0
end_of_record
TN:
SF:src/schemas/securityNoteSchema.ts
FNF:0
FNH:0
DA:1,4
DA:3,4
LF:2
LH:2
BRF:0
BRH:0
end_of_record
TN:
SF:src/schemas/signUpSchema.ts
FNF:0
FNH:0
DA:1,6
DA:3,6
LF:2
LH:2
BRF:0
BRH:0
end_of_record
TN:
SF:src/schemas/wifiSchema.ts
FNF:0
FNH:0
DA:1,4
DA:3,4
LF:2
LH:2
BRF:0
BRH:0
end_of_record
TN:
SF:src/services/authService.ts
FN:6,signUp
FN:25,signIn
FNF:2
FNH:2
FNDA:3,signUp
FNDA:5,signIn
DA:2,4
DA:3,4
DA:4,4
DA:6,4
DA:8,3
DA:10,3
DA:11,1
DA:14,2
DA:16,2
DA:21,2
DA:25,4
DA:27,5
DA:29,5
DA:30,1
DA:33,4
DA:35,3
DA:40,3
DA:44,3
DA:45,3
DA:47,1
LF:20
LH:20
BRDA:10,0,0,1
BRDA:29,1,0,1
BRDA:33,2,0,3
BRDA:33,2,1,1
BRF:4
BRH:4
end_of_record
TN:
SF:src/services/cardsService.ts
FN:6,createCards
FN:29,getCardId
FN:50,getCards
FN:54,(anonymous_4)
FN:64,deleteCard
FNF:5
FNH:0
FNDA:0,createCards
FNDA:0,getCardId
FNDA:0,getCards
FNDA:0,(anonymous_4)
FNDA:0,deleteCard
DA:1,4
DA:2,4
DA:3,4
DA:6,4
DA:7,0
DA:8,0
DA:9,0
DA:10,0
DA:11,0
DA:13,0
DA:14,0
DA:17,0
DA:18,0
DA:19,0
DA:20,0
DA:21,0
DA:22,0
DA:24,0
DA:25,0
DA:29,4
DA:30,0
DA:31,0
DA:33,0
DA:34,0
DA:36,0
DA:37,0
DA:40,0
DA:41,0
DA:42,0
DA:43,0
DA:44,0
DA:47,0
DA:50,4
DA:51,0
DA:52,0
DA:53,0
DA:54,0
DA:55,0
DA:56,0
DA:57,0
DA:58,0
DA:59,0
DA:61,0
DA:64,4
DA:65,0
DA:66,0
DA:67,0
DA:68,0
DA:70,0
DA:71,0
DA:73,0
LF:51
LH:7
BRDA:10,0,0,0
BRDA:13,1,0,0
BRDA:33,2,0,0
BRDA:36,3,0,0
BRDA:67,4,0,0
BRDA:70,5,0,0
BRF:6
BRH:0
end_of_record
TN:
SF:src/services/credentialService.ts
FN:5,createCredential
FN:27,getCredentialId
FN:45,getCredentials
FN:51,(anonymous_4)
FN:61,deleteCredential
FNF:5
FNH:5
FNDA:1,createCredential
FNDA:3,getCredentialId
FNDA:1,getCredentials
FNDA:1,(anonymous_4)
FNDA:3,deleteCredential
DA:1,4
DA:2,4
DA:3,4
DA:5,4
DA:6,1
DA:7,1
DA:9,1
DA:10,0
DA:13,1
DA:14,1
DA:16,1
DA:23,1
DA:27,4
DA:28,3
DA:29,3
DA:31,3
DA:32,1
DA:34,2
DA:35,1
DA:37,1
DA:38,1
DA:39,1
DA:42,1
DA:45,4
DA:46,1
DA:48,1
DA:49,1
DA:51,1
DA:52,1
DA:53,1
DA:54,1
DA:58,1
DA:61,4
DA:62,3
DA:63,3
DA:64,3
DA:65,1
DA:68,2
DA:69,1
DA:71,1
LF:40
LH:39
BRDA:9,0,0,0
BRDA:31,1,0,1
BRDA:34,2,0,1
BRDA:64,3,0,1
BRDA:68,4,0,1
BRF:5
BRH:4
end_of_record
TN:
SF:src/services/securityNotesService.ts
FN:5,createSecurityNote
FN:22,getSecurityNoteId
FN:37,getSecurityNotes
FN:43,deleteSecurityNote
FNF:4
FNH:0
FNDA:0,createSecurityNote
FNDA:0,getSecurityNoteId
FNDA:0,getSecurityNotes
FNDA:0,deleteSecurityNote
DA:2,4
DA:3,4
DA:5,4
DA:6,0
DA:7,0
DA:9,0
DA:10,0
DA:13,0
DA:18,0
DA:22,4
DA:23,0
DA:24,0
DA:26,0
DA:27,0
DA:29,0
DA:30,0
DA:34,0
DA:37,4
DA:38,0
DA:39,0
DA:40,0
DA:43,4
DA:44,0
DA:45,0
DA:46,0
DA:47,0
DA:49,0
DA:50,0
DA:52,0
LF:29
LH:6
BRDA:9,0,0,0
BRDA:26,1,0,0
BRDA:29,2,0,0
BRDA:46,3,0,0
BRDA:49,4,0,0
BRF:5
BRH:0
end_of_record
TN:
SF:src/services/wifiService.ts
FN:5,createWifi
FN:25,getWifiId
FN:43,getWifis
FN:47,(anonymous_4)
FN:55,deleteWifi
FNF:5
FNH:5
FNDA:1,createWifi
FNDA:3,getWifiId
FNDA:1,getWifis
FNDA:1,(anonymous_4)
FNDA:3,deleteWifi
DA:1,4
DA:2,4
DA:3,4
DA:5,4
DA:6,1
DA:7,1
DA:9,1
DA:10,0
DA:13,1
DA:14,1
DA:16,1
DA:21,1
DA:25,4
DA:26,3
DA:27,3
DA:29,3
DA:30,1
DA:32,2
DA:33,1
DA:35,1
DA:36,1
DA:37,1
DA:40,1
DA:43,4
DA:44,1
DA:45,1
DA:46,1
DA:47,1
DA:48,1
DA:49,1
DA:50,1
DA:52,1
DA:55,4
DA:56,3
DA:57,3
DA:58,3
DA:59,1
DA:61,2
DA:62,1
DA:64,1
LF:40
LH:39
BRDA:9,0,0,0
BRDA:29,1,0,1
BRDA:32,2,0,1
BRDA:58,3,0,1
BRDA:61,4,0,1
BRF:5
BRH:4
end_of_record
TN:
SF:src/utils/authVerification.ts
FN:4,authenticateToken
FNF:1
FNH:1
FNDA:16,authenticateToken
DA:2,4
DA:4,4
DA:6,16
DA:8,16
DA:9,0
DA:12,16
LF:6
LH:5
BRDA:8,0,0,0
BRF:1
BRH:0
end_of_record
